2021-03-21 09:35:57,582 - pyswarms.single.global_best - INFO - Optimize for 100 iters with {'c1': 0.5, 'c2': 0.3, 'w': 0.9}
2021-03-21 09:37:03,901 - pyswarms.single.global_best - INFO - Optimize for 100 iters with {'c1': 0.5, 'c2': 0.3, 'w': 0.9}
2021-03-21 09:39:06,431 - pyswarms.single.global_best - INFO - Optimize for 100 iters with {'c1': 0.5, 'c2': 0.3, 'w': 0.9}
2021-03-21 09:42:53,132 - pyswarms.backend.generators - ERROR - Bounds and/or init_pos should be of size (7,)
Traceback (most recent call last):
  File "/usr/local/lib/python3.6/dist-packages/pyswarms/backend/generators.py", line 82, in generate_swarm
    low=min_bounds, high=max_bounds, size=(n_particles, dimensions)
  File "mtrand.pyx", line 1121, in numpy.random.mtrand.RandomState.uniform
  File "_common.pyx", line 541, in numpy.random._common.cont
  File "_common.pyx", line 458, in numpy.random._common.cont_broadcast_2
  File "__init__.pxd", line 741, in numpy.PyArray_MultiIterNew3
ValueError: shape mismatch: objects cannot be broadcast to a single shape
2021-03-21 09:44:16,375 - pyswarms.single.global_best - INFO - Optimize for 100 iters with {'c1': 0.5, 'c2': 0.3, 'w': 0.9}
2021-03-21 09:45:26,177 - pyswarms.single.global_best - INFO - Optimize for 100 iters with {'c1': 0.5, 'c2': 0.3, 'w': 0.9}
2021-03-21 09:45:30,701 - pyswarms.single.global_best - INFO - Optimization finished | best cost: 55.09348939267983, best pos: [0.27480914 0.50711455 0.97897127 0.5060895  0.22100326 0.32191736
 0.49254278]
2021-03-21 09:47:44,942 - pyswarms.single.global_best - INFO - Optimize for 1000 iters with {'c1': 0.5, 'c2': 0.3, 'w': 0.9}
2021-03-21 09:48:25,711 - pyswarms.single.global_best - INFO - Optimization finished | best cost: 55.08506171024597, best pos: [0.60939022 0.34747953 0.53169469 0.43112266 0.60512467 0.4119081
 0.24842311]
2021-03-21 09:50:04,730 - pyswarms.single.global_best - INFO - Optimize for 1000 iters with {'c1': 0.5, 'c2': 0.5, 'w': 0.4}
2021-03-21 09:50:42,580 - pyswarms.single.global_best - INFO - Optimization finished | best cost: 55.08796305139349, best pos: [0.30442297 0.67811966 0.30002468 0.44853631 0.76660815 0.09372016
 0.55924424]
2021-03-21 09:51:30,853 - pyswarms.single.global_best - INFO - Optimize for 1000 iters with {'c1': 0.5, 'c2': 0.5, 'w': 0.9}
2021-03-21 09:51:44,821 - pyswarms.single.global_best - INFO - Optimization finished | best cost: 55.08506171024597, best pos: [0.77734013 0.62610157 0.37076096 0.53232091 0.42752949 0.84926403
 0.26656272]
2021-03-21 09:53:16,299 - pyswarms.single.global_best - INFO - Optimize for 1000 iters with {'c1': 0.5, 'c2': 0.5, 'w': 0.9}
2021-03-21 09:53:29,272 - pyswarms.single.global_best - INFO - Optimization finished | best cost: 55.08812471100914, best pos: [0.55227921 0.28041441 0.37633915 0.17408778 0.5253075  0.30916074
 0.99658937]
2021-03-21 13:51:27,831 - pyswarms.backend.generators - ERROR - generate_swarm() takes an int for n_particles and dimensions and an array for bounds
Traceback (most recent call last):
  File "/usr/local/lib/python3.6/dist-packages/pyswarms/backend/generators.py", line 82, in generate_swarm
    low=min_bounds, high=max_bounds, size=(n_particles, dimensions)
  File "mtrand.pyx", line 1121, in numpy.random.mtrand.RandomState.uniform
  File "_common.pyx", line 541, in numpy.random._common.cont
  File "_common.pyx", line 449, in numpy.random._common.cont_broadcast_2
TypeError: 'tuple' object cannot be interpreted as an integer
2021-03-21 13:56:52,310 - pyswarms.single.global_best - INFO - Optimize for 1000 iters with {'c1': 0.5, 'c2': 0.9, 'w': 0.9}
2021-03-21 13:57:05,925 - pyswarms.single.global_best - INFO - Optimization finished | best cost: 55.09547977962276, best pos: [0.60627891 0.62229744 0.47173535 0.89598217 0.7266014  0.30895314
 0.37593903]
2021-03-21 15:33:36,432 - pyswarms.single.global_best - INFO - Optimize for 30 iters with {'c1': 0.5, 'c2': 0.3, 'w': 0.3}
2021-03-21 15:33:36,473 - pyswarms.single.global_best - INFO - Optimization finished | best cost: 1.019767841903274e-05, best pos: [0.09404779]
2021-03-21 15:34:07,858 - pyswarms.single.global_best - INFO - Optimize for 30 iters with {'c1': 0.5, 'c2': 0.3, 'w': 0.3}
2021-03-21 15:34:07,896 - pyswarms.single.global_best - INFO - Optimization finished | best cost: 0.00010897442269275359, best pos: [0.0940466]
2021-03-21 15:38:18,248 - pyswarms.single.global_best - INFO - Optimize for 30 iters with {'c1': 0.5, 'c2': 0.3, 'w': 0.3}
2021-03-21 15:38:18,334 - pyswarms.single.global_best - INFO - Optimization finished | best cost: 2.5479034256647992e-05, best pos: [0.09404743]
2021-03-21 15:38:27,777 - pyswarms.single.global_best - INFO - Optimize for 100 iters with {'c1': 0.5, 'c2': 0.9, 'w': 0.9}
2021-03-21 15:39:12,345 - pyswarms.single.global_best - INFO - Optimize for 100 iters with {'c1': 0.5, 'c2': 0.9, 'w': 0.9}
2021-03-21 15:39:26,049 - pyswarms.single.global_best - INFO - Optimization finished | best cost: 55.093980753935675, best pos: [0.61864435 0.26835342 0.70379872 0.84061742 0.40796601 0.30309501
 0.08896498 0.74435347 0.91065145 0.62278068 0.13132633 0.38694534
 0.92604288 0.34312417 0.92621931 0.85217769 0.16795786 0.23934399
 0.77000485 0.39097516 0.3513093  0.82784691 0.45971712 0.4508132
 0.34697432 0.37888383 0.14876629 0.29198175 0.17360414 0.80246367
 0.41418339 0.46112198 0.67056713 0.50321285 0.92932467]
2021-04-06 15:57:29,497 - pyswarms.single.global_best - INFO - Optimize for 100 iters with {'c1': 0.5, 'c2': 0.5, 'w': 0.9}
2021-04-06 15:57:56,662 - pyswarms.single.global_best - INFO - Optimization finished | best cost: 59.41629945699493, best pos: [0.41124483 0.54818261 0.22771744 0.99881682 0.7063615  0.71335281
 0.41316954 0.11700616 0.69832994 0.19235261 0.60246825 0.66926757
 0.35814006 0.60252608 0.32792847 0.82404896 0.68888343 0.46577523
 0.49997728 0.60847815 0.70663177 0.91807276 0.38037144 0.35404425
 0.98324961 0.2746956  0.5401419  0.63110915 0.34226293 0.52156651
 0.45295974 0.7681632  0.1365652  0.46750338 0.21251135]
2021-04-06 16:07:59,346 - pyswarms.single.global_best - INFO - Optimize for 100 iters with {'c1': 0.5, 'c2': 0.5, 'w': 0.9}
2021-04-06 16:08:13,808 - pyswarms.single.global_best - INFO - Optimization finished | best cost: 59.42344644559879, best pos: [0.09300743 0.35455737 0.44178498 0.70538814 0.65957604 0.6008267
 0.16193889 0.19616652 0.19354036 0.76667203 0.93655799 0.46893884
 0.32307705 0.64846594 0.90318943 0.67092674 0.10299907 0.07373799
 0.67027802 0.63103724 0.61126546 0.1300866  0.70013622 0.25991543
 0.78688001 0.90489907 0.94606406 0.53172463 0.24160951 0.20658284
 0.76473343 0.61927643 0.16770726 0.28587688 0.57061636]
2021-04-06 16:42:27,762 - pyswarms.single.global_best - INFO - Optimize for 100 iters with {'c1': 0.5, 'c2': 0.5, 'w': 0.9}
2021-04-06 16:42:40,621 - pyswarms.single.global_best - INFO - Optimization finished | best cost: 59.427616457304424, best pos: [0.62266117 0.51257969 0.65587286 0.84947885 0.74326144 0.85444644
 0.65783373 0.75241853 0.46628395 0.73106403 0.56412594 0.54082445
 0.55615672 0.57740057 0.52250917 0.66807549 0.14664935 0.676291
 0.36809525 0.4757516  0.11551862 0.09068972 0.49573195 0.67875942
 0.97859462 0.96300971 0.58800606 0.36291391 0.21125444 0.69225058
 0.37597088 0.51220133 0.37522733 0.17232114 0.43809255]
2021-04-06 16:44:40,653 - pyswarms.single.global_best - INFO - Optimize for 100 iters with {'c1': 0.5, 'c2': 0.5, 'w': 0.9}
2021-04-06 16:44:53,468 - pyswarms.single.global_best - INFO - Optimization finished | best cost: 59.41843472906138, best pos: [0.87046383 0.54859189 0.91943993 0.99238966 0.98330273 0.61253445
 0.65678297 0.89978633 0.47321957 0.89988917 0.48386576 0.19927244
 0.88831984 0.93743717 0.29411568 0.73625674 0.14935978 0.21403858
 0.53523564 0.47253048 0.65960601 0.88338164 0.6045819  0.33157536
 0.43230862 0.4273996  0.4346583  0.17583832 0.1604614  0.17405035
 0.93952755 0.62305667 0.4828386  0.08740673 0.60835919]
2021-04-06 16:48:49,650 - pyswarms.single.global_best - INFO - Optimize for 100 iters with {'c1': 0.5, 'c2': 0.5, 'w': 0.9}
2021-04-06 16:49:02,347 - pyswarms.single.global_best - INFO - Optimization finished | best cost: 59.41629945699493, best pos: [0.78164778 0.45536297 0.73634601 0.32102382 0.65800145 0.13438574
 0.4602055  0.53383911 0.61605274 0.29264169 0.64277448 0.87757748
 0.44608314 0.57927605 0.54600364 0.50194385 0.28195293 0.32941771
 0.33305378 0.16828171 0.26316931 0.44268437 0.83418238 0.26597857
 0.49714607 0.76192069 0.70190707 0.63491854 0.11270879 0.84295606
 0.25550735 0.08418525 0.42903826 0.36962686 0.46058263]
2021-04-06 16:52:18,481 - pyswarms.single.global_best - INFO - Optimize for 100 iters with {'c1': 0.5, 'c2': 0.5, 'w': 0.9}
2021-04-06 16:54:46,708 - pyswarms.single.global_best - INFO - Optimize for 100 iters with {'c1': 0.5, 'c2': 0.5, 'w': 0.9}
2021-04-06 16:54:59,404 - pyswarms.single.global_best - INFO - Optimization finished | best cost: 59.41629945699493, best pos: [0.20094039 0.89008112 0.59039539 0.96942421 0.27588551 0.97204728
 0.25927904 0.74634557 0.04076279 0.44407345 0.21989226 0.62147829
 0.9384365  0.76154065 0.73527864 0.33719701 0.526363   0.32035734
 0.62662926 0.41841359 0.24300118 0.92573246 0.18123829 0.31167109
 0.39748668 0.62559653 0.06895471 0.44130928 0.04986561 0.54379657
 0.64056321 0.23394873 0.7316073  0.60472806 0.00679733]
2021-04-06 17:31:02,237 - pyswarms.single.global_best - INFO - Optimize for 100 iters with {'c1': 0.8, 'c2': 0.5, 'w': 0.9}
2021-04-06 17:31:15,052 - pyswarms.single.global_best - INFO - Optimization finished | best cost: 59.427616457304424, best pos: [0.7053103  0.76556447 0.33803805 0.8755649  0.39865525 0.19189328
 0.63968292 0.5587839  0.40975577 0.3786618  0.65548879 0.79671162
 0.81141501 0.67433572 0.74252486 0.18471585 0.7053434  0.69292649
 0.91711991 0.6334604  0.34919194 0.89703455 0.62823237 0.91968014
 0.35716749 0.48141275 0.47666556 0.57509389 0.3576244  0.76151034
 0.57062972 0.50354671 0.08183679 0.47227297 0.23247835]
2021-04-06 17:31:56,192 - pyswarms.single.global_best - INFO - Optimize for 100 iters with {'c1': 0.8, 'c2': 0.5, 'w': 0.9}
2021-04-06 17:32:08,801 - pyswarms.single.global_best - INFO - Optimization finished | best cost: 59.427616457304424, best pos: [0.155247   0.65790188 0.53970918 0.38440295 0.10863868 0.49576243
 0.71306085 0.9818488  0.69735915 0.56363678 0.31182974 0.29147328
 0.78162246 0.39918069 0.17239981 0.96743154 0.82338377 0.86007682
 0.18302118 0.81253499 0.59600645 0.7935336  0.88859042 0.65537395
 0.34131248 0.83158968 0.34749768 0.68683028 0.08487738 0.75967019
 0.41395511 0.57296708 0.11840589 0.21978983 0.83903577]
2021-04-06 17:32:57,297 - pyswarms.single.global_best - INFO - Optimize for 100 iters with {'c1': 0.8, 'c2': 0.5, 'w': 0.9}
2021-04-06 17:33:10,057 - pyswarms.single.global_best - INFO - Optimization finished | best cost: 59.41629945699493, best pos: [0.41264543 0.10000722 0.36413671 0.7469378  0.96400524 0.54632401
 0.80245982 0.63809686 0.54776839 0.20648127 0.83716013 0.25338589
 0.21152938 0.21501115 0.73198405 0.41765141 0.39815062 0.44181575
 0.47338295 0.30401683 0.30205161 0.37965625 0.56018838 0.17751248
 0.67554028 0.44774437 0.81489701 0.34740868 0.7134769  0.59661486
 0.26212255 0.40870777 0.25213849 0.4182738  0.56861438]
2021-04-06 17:34:31,130 - pyswarms.single.global_best - INFO - Optimize for 100 iters with {'c1': 0.5, 'c2': 0.5, 'w': 0.9}
2021-04-06 17:34:43,946 - pyswarms.single.global_best - INFO - Optimization finished | best cost: 59.41629945699493, best pos: [0.72700317 0.96780891 0.37467969 0.86419632 0.9198426  0.90837674
 0.70545436 0.38016937 0.06078832 0.23370106 0.00269462 0.13684853
 0.87496051 0.71716903 0.48420239 0.81252773 0.41073496 0.10345752
 0.23657527 0.24805899 0.43252912 0.78782365 0.18732071 0.54834105
 0.33578887 0.36676271 0.39997599 0.34559938 0.25202553 0.45440514
 0.75745289 0.85736013 0.65965588 0.94390149 0.50643794]
2021-04-06 17:35:31,049 - pyswarms.single.global_best - INFO - Optimize for 100 iters with {'c1': 0.5, 'c2': 0.5, 'w': 0.9}
2021-04-06 17:35:43,569 - pyswarms.single.global_best - INFO - Optimization finished | best cost: 59.41843472906138, best pos: [0.64181588 0.18710433 0.25117333 0.81092593 0.60721932 0.34819814
 0.65078839 0.01643013 0.85429198 0.10853992 0.76620489 0.46158003
 0.98813164 0.35926633 0.9303729  0.16454552 0.60786499 0.7358153
 0.61996396 0.19980139 0.13458114 0.44950124 0.17185763 0.45874065
 0.57702453 0.75258571 0.90556098 0.58048753 0.36206429 0.75228982
 0.3802781  0.95460469 0.20113638 0.87399548 0.76174442]
2021-04-06 17:36:24,776 - pyswarms.single.global_best - INFO - Optimize for 100 iters with {'c1': 0.5, 'c2': 0.8, 'w': 0.9}
2021-04-06 17:36:37,422 - pyswarms.single.global_best - INFO - Optimization finished | best cost: 59.41629945699493, best pos: [0.38946883 0.32036051 0.7287333  0.36840675 0.60089583 0.29107408
 0.42356704 0.39082872 0.36375761 0.11882478 0.4328975  0.55853071
 0.84116724 0.59595811 0.61376958 0.39817313 0.92482065 0.38772027
 0.57725114 0.1268224  0.12986256 0.00858945 0.71789738 0.61259175
 0.23592672 0.80089751 0.74316834 0.36079481 0.8852915  0.99738789
 0.28300174 0.50414474 0.82009452 0.50869813 0.11976256]
2021-04-06 17:37:21,893 - pyswarms.single.global_best - INFO - Optimize for 100 iters with {'c1': 0.5, 'c2': 0.8, 'w': 0.9}
2021-04-06 17:37:34,577 - pyswarms.single.global_best - INFO - Optimization finished | best cost: 59.41629945699493, best pos: [0.5939063  0.90704497 0.57312457 0.11671211 0.77810434 0.47332694
 0.67750232 0.15061897 0.53845846 0.23059258 0.08803702 0.8222874
 0.20294185 0.23802626 0.91753325 0.91752144 0.03791591 0.29728055
 0.78221337 0.34661808 0.59681145 0.46416638 0.1558039  0.05364822
 0.24193058 0.39891513 0.87257407 0.63234636 0.51747184 0.37024431
 0.94596221 0.41078001 0.58840843 0.46263719 0.54770231]
2021-04-06 17:38:47,444 - pyswarms.single.global_best - INFO - Optimize for 100 iters with {'c1': 0.5, 'c2': 0.5, 'w': 0.9}
2021-04-06 17:39:01,809 - pyswarms.single.global_best - INFO - Optimization finished | best cost: 59.427616457304424, best pos: [0.05111701 0.72511658 0.17624497 0.23073297 0.47233629 0.75583567
 0.45765945 0.84769278 0.72221508 0.91948606 0.92069813 0.31403798
 0.02891861 0.06313661 0.31224417 0.22635282 0.67324398 0.63526255
 0.73317896 0.79736049 0.37485126 0.05133059 0.66651088 0.53289008
 0.64138918 0.44347046 0.07325087 0.19794175 0.79274366 0.8003492
 0.55988712 0.51540039 0.46886903 0.459215   0.38759585]
2021-04-06 17:40:09,298 - pyswarms.single.global_best - INFO - Optimize for 200 iters with {'c1': 0.5, 'c2': 0.5, 'w': 0.9}
2021-04-06 17:40:59,776 - pyswarms.single.global_best - INFO - Optimization finished | best cost: 59.41660372601079, best pos: [0.55400997 0.64617833 0.43107449 0.75089719 0.72932527 0.9062181
 0.89887271 0.47750549 0.15242772 0.49511121 0.41894767 0.68524341
 0.6875626  0.30420972 0.28088777 0.34056138 0.32019132 0.45931932
 0.67315816 0.53991814 0.47341011 0.70082069 0.3462526  0.79566817
 0.8116981  0.98084671 0.60096267 0.39322348 0.50348335 0.52766466
 0.55105246 0.67988922 0.06565947 0.13834776 0.36829242]
2021-04-06 17:41:57,093 - pyswarms.single.global_best - INFO - Optimize for 200 iters with {'c1': 0.5, 'c2': 0.5, 'w': 0.9}
2021-04-06 17:42:47,281 - pyswarms.single.global_best - INFO - Optimization finished | best cost: 59.41629945699493, best pos: [0.60879925 0.12182962 0.17252581 0.73648617 0.66399726 0.86586833
 0.596173   0.26181481 0.44669236 0.24209648 0.28899748 0.3723455
 0.18550158 0.28423632 0.89541471 0.78010377 0.82512573 0.71277759
 0.64090602 0.51608898 0.52263892 0.56812373 0.38989423 0.48982902
 0.37891742 0.23761991 0.412001   0.51040677 0.42738444 0.86592444
 0.67909661 0.65199104 0.70028271 0.25320533 0.26815851]
2021-04-06 17:42:58,356 - pyswarms.single.global_best - INFO - Optimize for 200 iters with {'c1': 0.5, 'c2': 0.5, 'w': 0.9}
2021-04-06 17:43:48,973 - pyswarms.single.global_best - INFO - Optimization finished | best cost: 59.423676320543215, best pos: [0.42187385 0.43199501 0.56034429 0.6708617  0.20041451 0.18514939
 0.5744216  0.87673291 0.35278087 0.36396728 0.35080605 0.91987246
 0.44906084 0.2835605  0.2476286  0.72214258 0.82831767 0.52273715
 0.69380085 0.58104808 0.63831583 0.74546417 0.05605289 0.85031731
 0.14914875 0.7727598  0.32269647 0.29575752 0.60093032 0.80339487
 0.38304297 0.13840665 0.95407024 0.1972663  0.74835206]
2021-04-06 17:43:59,432 - pyswarms.single.global_best - INFO - Optimize for 200 iters with {'c1': 0.5, 'c2': 0.5, 'w': 0.9}
2021-04-06 17:44:50,062 - pyswarms.single.global_best - INFO - Optimization finished | best cost: 59.41629945699493, best pos: [0.78010061 0.13956077 0.80194147 0.56252786 0.24785227 0.23131532
 0.73257781 0.82704564 0.26356182 0.40853974 0.55029852 0.27244626
 0.38713644 0.82770091 0.68845118 0.45478842 0.68449328 0.19024392
 0.69311645 0.79283165 0.509416   0.517718   0.20447441 0.74233473
 0.48073882 0.42776554 0.58026819 0.16798195 0.59842993 0.24477145
 0.72912348 0.73022745 0.68581794 0.02267819 0.12405537]
2021-04-06 17:45:01,399 - pyswarms.single.global_best - INFO - Optimize for 200 iters with {'c1': 0.5, 'c2': 0.5, 'w': 0.9}
2021-04-06 17:45:56,536 - pyswarms.single.global_best - INFO - Optimization finished | best cost: 59.41660372601079, best pos: [0.12721624 0.2810795  0.36677728 0.42116794 0.76422672 0.67045755
 0.74951921 0.82769981 0.57905906 0.22182318 0.49083268 0.49431102
 0.75723664 0.00865542 0.32231646 0.40923756 0.52658615 0.49565966
 0.39284803 0.54238613 0.4435604  0.28395992 0.52854293 0.80837652
 0.49992262 0.59964315 0.67507935 0.5363761  0.62838557 0.4765908
 0.49509762 0.70545693 0.13777954 0.66086022 0.88174048]
2021-04-06 17:46:06,666 - pyswarms.single.global_best - INFO - Optimize for 200 iters with {'c1': 0.5, 'c2': 0.5, 'w': 0.9}
2021-04-06 17:46:57,476 - pyswarms.single.global_best - INFO - Optimization finished | best cost: 59.41629945699493, best pos: [0.36529369 0.21714642 0.23636307 0.47470713 0.93530959 0.41287639
 0.12391588 0.63359808 0.64446789 0.41428619 0.67675592 0.52269705
 0.57185398 0.90316319 0.90863186 0.26759792 0.21549394 0.52974852
 0.26568883 0.70665345 0.47689984 0.23848657 0.62838517 0.35171581
 0.40887282 0.72407348 0.23014123 0.46178477 0.83156537 0.27090341
 0.49409264 0.75635238 0.17449951 0.73072118 0.67171963]
2021-04-06 17:56:27,537 - pyswarms.single.global_best - INFO - Optimize for 100 iters with {'c1': 0.5, 'c2': 0.5, 'w': 0.9}
2021-04-06 17:56:40,565 - pyswarms.single.global_best - INFO - Optimization finished | best cost: 59.41629945699493, best pos: [0.54731278 0.36123874 0.35466238 0.5756591  0.52619078 0.36826825
 0.99437378 0.29054702 0.81753829 0.79664367 0.23528728 0.78865295
 0.23097512 0.19724257 0.65261132 0.94607882 0.60491305 0.67598196
 0.38767351 0.35864099 0.48649931 0.05620918 0.54260388 0.34462581
 0.12104196 0.90407908 0.12247778 0.60833151 0.57123483 0.61299256
 0.52904402 0.46075768 0.45910344 0.86690125 0.17788032]
2021-04-06 17:56:52,118 - pyswarms.single.global_best - INFO - Optimize for 100 iters with {'c1': 0.5, 'c2': 0.5, 'w': 0.9}
2021-04-06 17:57:05,203 - pyswarms.single.global_best - INFO - Optimization finished | best cost: 59.41629945699493, best pos: [0.70077977 0.48807851 0.34311871 0.25411577 0.65616876 0.17495701
 0.71309367 0.48541136 0.60663176 0.31694977 0.36211171 0.79165249
 0.62220423 0.39786794 0.59950647 0.13134278 0.16867526 0.49905359
 0.2075676  0.30928663 0.57171938 0.50105222 0.57722199 0.5495877
 0.07728451 0.72267301 0.76901407 0.22496061 0.80881625 0.74647693
 0.11511931 0.70622837 0.34082869 0.88873391 0.8448084 ]
2021-04-06 17:57:16,703 - pyswarms.single.global_best - INFO - Optimize for 100 iters with {'c1': 0.5, 'c2': 0.5, 'w': 0.9}
2021-04-06 17:57:29,771 - pyswarms.single.global_best - INFO - Optimization finished | best cost: 59.41629945699493, best pos: [0.74178439 0.71194355 0.45537274 0.74869797 0.37025128 0.49353409
 0.51041935 0.41305368 0.78096808 0.24375237 0.39834516 0.380958
 0.28582377 0.812976   0.95163468 0.60456212 0.62859461 0.54077583
 0.5990444  0.44243706 0.38012    0.98714338 0.75626145 0.31593216
 0.12801689 0.68996961 0.68062717 0.1285574  0.68341615 0.38691371
 0.52628156 0.32342605 0.46600669 0.50400441 0.28269133]
2021-04-06 17:57:41,235 - pyswarms.single.global_best - INFO - Optimize for 100 iters with {'c1': 0.5, 'c2': 0.5, 'w': 0.9}
2021-04-06 17:57:54,238 - pyswarms.single.global_best - INFO - Optimization finished | best cost: 59.41629945699493, best pos: [0.35209261 0.04583857 0.72931961 0.24471539 0.73171339 0.54983014
 0.57030001 0.53795353 0.259274   0.89960996 0.33575965 0.53071309
 0.44431552 0.52626824 0.13116248 0.80091702 0.47328973 0.66540411
 0.66861967 0.6043776  0.54480506 0.86519987 0.92457321 0.71799231
 0.31314355 0.41066218 0.2014812  0.30661161 0.38031369 0.36715921
 0.54593053 0.6949423  0.55164586 0.61587562 0.73207019]
2021-04-06 17:58:05,774 - pyswarms.single.global_best - INFO - Optimize for 100 iters with {'c1': 0.5, 'c2': 0.5, 'w': 0.9}
2021-04-06 17:58:19,074 - pyswarms.single.global_best - INFO - Optimization finished | best cost: 59.41629945699493, best pos: [0.26042438 0.35374634 0.16078105 0.82204751 0.64661336 0.58438751
 0.39398875 0.45118254 0.05524717 0.31647421 0.71759796 0.77244869
 0.4233462  0.47395761 0.93879542 0.56088191 0.14019662 0.38043792
 0.45339345 0.84408213 0.46890565 0.99249904 0.68047656 0.51358846
 0.47652948 0.42482597 0.43973846 0.62525044 0.35215734 0.31447446
 0.36423183 0.3645112  0.43704574 0.70580278 0.58025516]
2021-04-06 19:42:34,270 - pyswarms.single.global_best - INFO - Optimize for 100 iters with {'c1': 0.5, 'c2': 0.5, 'w': 0.9}
2021-04-07 00:59:13,578 - pyswarms.single.global_best - INFO - Optimize for 100 iters with {'c1': 0.5, 'c2': 0.5, 'w': 0.9}
2021-04-07 00:59:27,002 - pyswarms.single.global_best - INFO - Optimization finished | best cost: 51.741106465536255, best pos: [0.31135308 0.46426222 0.48041186 0.42616351 0.22634525 0.14741708
 0.21556521 0.48925228 0.37667963 0.49812303 0.53285816 0.30584498
 0.70848451 0.0115617  0.68319311 0.73445767 0.41290157 0.65362358
 0.17562938 0.81652065 0.45651933 0.45269925 0.05821128 0.9332718
 0.15814334 0.38264238 0.76323422 0.77334675 0.64348506 0.14511241
 0.90117827 0.30679604 0.9784908  0.27493485 0.70792684 0.63040644
 0.27597239 0.50928562 0.57679812 0.54617083 0.86148377 0.68468116
 0.41168899 0.42963656 0.60699806 0.33902096 0.691799   0.82657764
 0.3965819 ]
2021-04-07 00:59:37,464 - pyswarms.single.global_best - INFO - Optimize for 100 iters with {'c1': 0.5, 'c2': 0.5, 'w': 0.9}
2021-04-07 00:59:50,266 - pyswarms.single.global_best - INFO - Optimization finished | best cost: 51.74211611472263, best pos: [0.54695011 0.46873489 0.60881337 0.7752676  0.73791851 0.64069034
 0.43087424 0.91906895 0.33402787 0.40934769 0.1078708  0.57806548
 0.52972589 0.66287983 0.33976498 0.50938646 0.68853804 0.37300416
 0.54330953 0.50110662 0.66952267 0.22260352 0.34185998 0.41933657
 0.46902917 0.56412438 0.6786822  0.71550033 0.98475518 0.82757069
 0.50896274 0.65754531 0.95782988 0.97031788 0.4881681  0.39860577
 0.29899276 0.27457833 0.52553121 0.9713537  0.40254613 0.30836028
 0.94291316 0.54473312 0.61227309 0.50386141 0.37655706 0.59019172
 0.30624465]
2021-04-07 01:06:54,591 - pyswarms.single.global_best - INFO - Optimize for 100 iters with {'c1': 0.5, 'c2': 0.5, 'w': 0.9}
2021-04-07 01:07:07,250 - pyswarms.single.global_best - INFO - Optimization finished | best cost: 51.74013443734931, best pos: [0.65369539 0.53145003 0.62465571 0.14743497 0.78698904 0.46834767
 0.1998204  0.92197617 0.71372154 0.7648061  0.33859928 0.5254639
 0.4307965  0.49349503 0.76537166 0.04617527 0.38503902 0.69502658
 0.04463139 0.31242289 0.64120374 0.17314853 0.35038726 0.89344608
 0.35902098 0.62322493 0.5317704  0.39982658 0.55624233 0.12639748
 0.59993356 0.26482455 0.84794237 0.56981543 0.18591637 0.0770676
 0.21381723 0.2735824  0.62083025 0.78989771 0.46838192 0.84609809
 0.11356333 0.07960304 0.55600285 0.69594918 0.43839988 0.3063733
 0.40643086]
2021-04-07 01:07:18,035 - pyswarms.single.global_best - INFO - Optimize for 100 iters with {'c1': 0.5, 'c2': 0.5, 'w': 0.9}
2021-04-07 01:07:31,223 - pyswarms.single.global_best - INFO - Optimization finished | best cost: 51.74077092415144, best pos: [0.02496541 0.8955674  0.25741456 0.71681076 0.54673068 0.75632989
 0.95260103 0.51321251 0.34835383 0.75227541 0.79875397 0.68658098
 0.55086772 0.7788787  0.77321896 0.66730126 0.37152712 0.62275549
 0.13220511 0.30208771 0.95856988 0.24081041 0.38076145 0.70290154
 0.78899806 0.24711801 0.84281508 0.67243381 0.95452678 0.30159847
 0.98870476 0.68992834 0.34747188 0.25752257 0.01114163 0.77892361
 0.07682751 0.8913346  0.35151286 0.51973469 0.49710486 0.95952583
 0.75773533 0.69592312 0.66089762 0.72717483 0.22128843 0.29202243
 0.47924569]
2021-04-07 01:08:55,330 - pyswarms.single.global_best - INFO - Optimize for 0 iters with {'c1': 0.5, 'c2': 0.7, 'w': 0.9}
2021-04-07 01:10:04,873 - pyswarms.single.global_best - INFO - Optimize for 100 iters with {'c1': 0.5, 'c2': 0.7, 'w': 0.9}
2021-04-07 01:10:17,533 - pyswarms.single.global_best - INFO - Optimization finished | best cost: 51.74281705396684, best pos: [0.36982594 0.3650043  0.51267552 0.91751317 0.60879674 0.87381415
 0.72217266 0.10823428 0.76354021 0.7417713  0.95186    0.64515046
 0.07939295 0.13503775 0.00423049 0.42977524 0.55045209 0.43280862
 0.40286968 0.38590569 0.41832492 0.72910631 0.90398499 0.91042855
 0.83156416 0.31639568 0.70201857 0.240553   0.51711218 0.82596752
 0.41010278 0.55312131 0.14524016 0.46991834 0.52786678 0.73988932
 0.02232117 0.82713174 0.94633365 0.81015091 0.96066006 0.06460534
 0.17733768 0.73774977 0.71295773 0.0573086  0.72707223 0.7896476
 0.60058165]
2021-04-07 01:10:27,415 - pyswarms.single.global_best - INFO - Optimize for 100 iters with {'c1': 0.5, 'c2': 0.7, 'w': 0.9}
2021-04-07 01:10:40,758 - pyswarms.single.global_best - INFO - Optimization finished | best cost: 51.741106465536255, best pos: [0.52623215 0.91278926 0.47731856 0.64890618 0.41057349 0.10551119
 0.87091623 0.47378146 0.2625576  0.06732275 0.72910395 0.4296951
 0.65850163 0.09920854 0.48583058 0.97114908 0.74971947 0.50311569
 0.60072931 0.75534408 0.6535041  0.26100628 0.40420563 0.05974164
 0.64270732 0.14575502 0.49248738 0.11883709 0.51936253 0.3659526
 0.26588376 0.69865582 0.46568784 0.35338387 0.59289872 0.20639069
 0.5518711  0.99125334 0.05675691 0.93186001 0.72112106 0.31742141
 0.71852257 0.50550941 0.41740785 0.10005019 0.71738297 0.46632095
 0.52916161]
2021-04-07 01:11:08,924 - pyswarms.single.global_best - INFO - Optimize for 100 iters with {'c1': 0.2, 'c2': 0.7, 'w': 0.9}
2021-04-07 01:11:21,636 - pyswarms.single.global_best - INFO - Optimization finished | best cost: 51.74013443734931, best pos: [0.66599723 0.75026586 0.34035106 0.90345518 0.95061562 0.42334102
 0.31787526 0.57196316 0.77712882 0.27694133 0.92373902 0.40926836
 0.35076994 0.49076888 0.33096    0.49541794 0.68078629 0.12855096
 0.53687008 0.31081944 0.15061749 0.5763086  0.73008545 0.42649292
 0.46517565 0.56554498 0.6660234  0.15780486 0.85142194 0.49245557
 0.22863686 0.50539816 0.36674266 0.46949367 0.44929857 0.22432824
 0.89111879 0.24697339 0.58371345 0.46688329 0.4263556  0.61288131
 0.43112464 0.93755333 0.47202189 0.84766279 0.31696747 0.44731906
 0.2894305 ]
2021-04-07 01:11:31,696 - pyswarms.single.global_best - INFO - Optimize for 100 iters with {'c1': 0.2, 'c2': 0.7, 'w': 0.9}
2021-04-07 01:11:44,571 - pyswarms.single.global_best - INFO - Optimization finished | best cost: 51.742318407010735, best pos: [0.21714244 0.26026228 0.05996162 0.45408858 0.01927031 0.00849372
 0.16271695 0.38382361 0.36152227 0.32665417 0.72790483 0.41005776
 0.7918095  0.61474808 0.17735896 0.37624077 0.42644921 0.6920137
 0.21950917 0.67012387 0.76474554 0.3092411  0.46460285 0.96880698
 0.1924621  0.69698849 0.33205258 0.59763414 0.91131308 0.65522611
 0.03897393 0.71672103 0.52418206 0.87071651 0.51539082 0.86839517
 0.30069869 0.91736141 0.90855165 0.6674338  0.30988991 0.92852341
 0.73050093 0.290867   0.18417501 0.40619485 0.19938785 0.56749224
 0.67738597]
2021-04-07 01:12:38,355 - pyswarms.single.global_best - INFO - Optimize for 200 iters with {'c1': 0.5, 'c2': 0.5, 'w': 0.9}
2021-04-07 01:13:18,634 - pyswarms.single.global_best - INFO - Optimization finished | best cost: 51.74077092415144, best pos: [0.67235222 0.40242312 0.16093651 0.51985153 0.49007605 0.3942832
 0.25106933 0.41708112 0.37354457 0.86371191 0.14932006 0.4703053
 0.79393483 0.31506692 0.50060544 0.18034315 0.47127607 0.66231291
 0.51603588 0.49405988 0.41577416 0.70291269 0.17847757 0.29533155
 0.60128977 0.66665347 0.67711133 0.03239129 0.69704244 0.5209361
 0.37211948 0.624535   0.37354307 0.25998499 0.35761999 0.50205996
 0.01198812 0.48547719 0.3679977  0.45349377 0.43290808 0.54599071
 0.80140189 0.31962599 0.42608975 0.65566743 0.21239868 0.13760968
 0.46077338]
2021-04-07 01:13:28,646 - pyswarms.single.global_best - INFO - Optimize for 200 iters with {'c1': 0.5, 'c2': 0.5, 'w': 0.9}
2021-04-07 01:14:11,958 - pyswarms.single.global_best - INFO - Optimization finished | best cost: 51.74197198130462, best pos: [0.57795763 0.29272836 0.17768561 0.51358558 0.90976246 0.31184483
 0.77071539 0.17023233 0.22911718 0.75534046 0.51422161 0.25289738
 0.42322806 0.0755556  0.49762028 0.61535782 0.36338061 0.23660038
 0.44944166 0.08425843 0.50308615 0.39978886 0.25808795 0.44650465
 0.57965855 0.76398215 0.61688799 0.21397239 0.70076637 0.42884288
 0.65430278 0.00858818 0.44017304 0.24114889 0.64124765 0.2725612
 0.4950345  0.44887827 0.81312863 0.34492458 0.55965028 0.6350629
 0.38809414 0.64545062 0.58148592 0.39692511 0.92520476 0.29156828
 0.02739135]
2021-04-07 01:14:38,043 - pyswarms.single.global_best - INFO - Optimize for 50 iters with {'c1': 0.5, 'c2': 0.5, 'w': 0.9}
2021-04-07 01:14:45,423 - pyswarms.single.global_best - INFO - Optimization finished | best cost: 51.74013443734931, best pos: [0.59445915 0.7021842  0.49605928 0.1300359  0.68195156 0.16895673
 0.27845978 0.84250035 0.06810237 0.50381692 0.69448548 0.24335385
 0.57161679 0.37212773 0.302424   0.18714933 0.53784904 0.36331048
 0.6522592  0.86844314 0.55723633 0.39505292 0.88369875 0.81689979
 0.60590559 0.72748529 0.1723166  0.43516747 0.9099104  0.10998492
 0.59627636 0.14498093 0.75030691 0.25267588 0.51204443 0.40994884
 0.73791389 0.15538487 0.44569783 0.04597443 0.27466363 0.38144947
 0.30025577 0.85364931 0.43447603 0.69008664 0.95850342 0.5433242
 0.52035995]
2021-04-07 01:14:56,652 - pyswarms.single.global_best - INFO - Optimize for 50 iters with {'c1': 0.5, 'c2': 0.5, 'w': 0.9}
2021-04-07 01:15:03,413 - pyswarms.single.global_best - INFO - Optimization finished | best cost: 51.74538216283651, best pos: [0.66105385 0.78214941 0.15963315 0.35687543 0.76928797 0.67919833
 0.35148721 0.72411022 0.73780681 0.70140482 0.82199555 0.63730023
 0.55745046 0.45654641 0.38493589 0.19000375 0.29171819 0.80005613
 0.23375069 0.69295132 0.75057604 0.74787625 0.56986855 0.79064168
 0.82369759 0.43574    0.67902877 0.22770817 0.64727401 0.04133247
 0.65733411 0.40839341 0.88382063 0.5784942  0.38912043 0.53779458
 0.89673702 0.40379696 0.83946759 0.032316   0.55436221 0.10563641
 0.05822986 0.65074604 0.22469306 0.03035309 0.47765575 0.74375465
 0.58252684]
2021-04-07 01:15:36,208 - pyswarms.single.global_best - INFO - Optimize for 50 iters with {'c1': 0.5, 'c2': 0.5, 'w': 0.9}
2021-04-07 01:15:42,660 - pyswarms.single.global_best - INFO - Optimization finished | best cost: 51.74859579925832, best pos: [0.29444921 0.84059221 0.89902178 0.43625151 0.49826874 0.26830281
 0.86758554 0.72037614 0.86805859 0.70066707 0.41808739 0.0018062
 0.69119196 0.45813673 0.60623794 0.44744843 0.40631559 0.65804256
 0.46706741 0.70486128 0.09906739 0.22946604 0.47740357 0.33957327
 0.52790123 0.11471794 0.65852263 0.78282315 0.37121259 0.29451255
 0.21638404 0.73362735 0.09037697 0.37259369 0.273171   0.39011205
 0.41250927 0.49389169 0.40596301 0.43171511 0.89226777 0.52250657
 0.98646173 0.59431613 0.67701492 0.61420626 0.59357549 0.6191276
 0.74336191]
2021-04-07 01:15:53,237 - pyswarms.single.global_best - INFO - Optimize for 50 iters with {'c1': 0.5, 'c2': 0.5, 'w': 0.9}
2021-04-07 01:15:59,612 - pyswarms.single.global_best - INFO - Optimization finished | best cost: 51.739922116780754, best pos: [0.07317365 0.42603073 0.72118083 0.93641693 0.59767481 0.37495531
 0.50609524 0.60914214 0.61247723 0.48095372 0.95553031 0.7073516
 0.37870237 0.45145857 0.32891476 0.91233582 0.84129368 0.44791877
 0.28004577 0.18514438 0.49087091 0.58049911 0.78533393 0.55364256
 0.91109373 0.8503381  0.22453239 0.47975615 0.67745312 0.63871588
 0.32497715 0.56994632 0.82540702 0.94443572 0.17862823 0.62892517
 0.87962765 0.01839048 0.64339851 0.38349805 0.18064513 0.61500355
 0.73464186 0.74101992 0.83552536 0.61036548 0.28741061 0.65940562
 0.49184658]
2021-04-07 01:16:43,526 - pyswarms.single.global_best - INFO - Optimize for 50 iters with {'c1': 0.5, 'c2': 0.5, 'w': 0.5}
2021-04-07 01:16:50,354 - pyswarms.single.global_best - INFO - Optimization finished | best cost: 51.741106465536255, best pos: [0.30133713 0.77380686 0.78079444 0.42973134 0.26198592 0.66509644
 0.19872018 0.26741369 0.68408334 0.46004462 0.7115462  0.57401897
 0.28251225 0.62877989 0.43531319 0.87894078 0.28151808 0.89170103
 0.90689652 0.16364569 0.39371246 0.47852588 0.76305405 0.94645492
 0.39090061 0.14418869 0.33449013 0.40940701 0.0154604  0.46841595
 0.57540103 0.22780542 0.64161315 0.20976804 0.65301194 0.6374226
 0.61704689 0.40389234 0.8163831  0.27657683 0.41695036 0.21907433
 0.28175705 0.51558351 0.41579735 0.09947929 0.82174162 0.88238908
 0.71793461]
2021-04-07 01:17:00,948 - pyswarms.single.global_best - INFO - Optimize for 50 iters with {'c1': 0.5, 'c2': 0.5, 'w': 0.5}
2021-04-07 01:17:07,123 - pyswarms.single.global_best - INFO - Optimization finished | best cost: 51.74205878863207, best pos: [0.11744495 0.53359446 0.42085559 0.57683495 0.50080578 0.6312301
 0.80633882 0.28094441 0.67637631 0.60907986 0.41539294 0.65353372
 0.26094723 0.3048913  0.60129638 0.83015823 0.59840115 0.46044451
 0.28974747 0.61807231 0.8676402  0.39539843 0.29558836 0.53889183
 0.3782226  0.53812624 0.44590282 0.75489256 0.45778225 0.63094471
 0.4807452  0.2127082  0.49638472 0.6030779  0.43819165 0.16603248
 0.6004212  0.49127055 0.8554857  0.4197078  0.02701044 0.61113853
 0.65344664 0.44226728 0.59541553 0.54687467 0.76191575 0.63718749
 0.70436248]
2021-04-07 01:17:41,758 - pyswarms.single.global_best - INFO - Optimize for 100 iters with {'c1': 0.5, 'c2': 0.5, 'w': 0.5}
2021-04-07 01:17:54,543 - pyswarms.single.global_best - INFO - Optimization finished | best cost: 51.740487578791466, best pos: [0.67351473 0.23124581 0.46997265 0.83854863 0.79200816 0.5075803
 0.90201619 0.37529164 0.77278011 0.2947112  0.53473196 0.1678642
 0.62271033 0.61498797 0.4719389  0.18865226 0.4778966  0.71148235
 0.10013368 0.56013756 0.80406161 0.55570257 0.94629015 0.57039023
 0.83659166 0.82592484 0.56472034 0.39054898 0.72901053 0.75182846
 0.75618644 0.37521425 0.83027695 0.54226463 0.56168183 0.64645569
 0.66035753 0.6630855  0.67156096 0.69279319 0.24014681 0.70064207
 0.45613352 0.36275162 0.35567237 0.65865909 0.80553155 0.55356036
 0.72416801]
2021-04-07 01:18:05,097 - pyswarms.single.global_best - INFO - Optimize for 100 iters with {'c1': 0.5, 'c2': 0.5, 'w': 0.5}
2021-04-07 01:18:17,784 - pyswarms.single.global_best - INFO - Optimization finished | best cost: 51.74114429392977, best pos: [0.56228471 0.57136455 0.54970678 0.38385822 0.60810307 0.72495628
 0.48066591 0.41020247 0.28512079 0.5888933  0.39188763 0.38092893
 0.5013595  0.64669764 0.40522201 0.62101884 0.67505777 0.7881775
 0.65510148 0.65770229 0.27817557 0.38980766 0.36005106 0.73167681
 0.3582594  0.73327348 0.76118946 0.37351031 0.38814345 0.57405745
 0.61057398 0.69109291 0.82378497 0.57797333 0.62825367 0.51522509
 0.84540188 0.38570923 0.4055449  0.75678925 0.80700592 0.52223968
 0.58764753 0.46296223 0.79991171 0.50137584 0.48344632 0.38981741
 0.73447474]
2021-04-07 01:19:01,630 - pyswarms.single.global_best - INFO - Optimize for 150 iters with {'c1': 0.5, 'c2': 0.5, 'w': 0.5}
2021-04-07 01:19:33,222 - pyswarms.single.global_best - INFO - Optimization finished | best cost: 51.7428928086308, best pos: [0.56369136 0.64980281 0.53389585 0.78937851 0.76692605 0.4019495
 0.57007159 0.32777597 0.94614796 0.71490005 0.92538993 0.56985694
 0.69595403 0.7349641  0.54848737 0.88949857 0.41677431 0.85102797
 0.43573311 0.49419616 0.80863349 0.42432769 0.67654581 0.63463822
 0.61823453 0.86415182 0.60060098 0.43504565 0.45544376 0.73183657
 0.49877469 0.76852314 0.70302772 0.82367104 0.73187277 0.49638132
 0.62230692 0.39622817 0.67478189 0.56356439 0.61223832 0.37160276
 0.62165059 0.69847748 0.39119394 0.54417017 0.81270183 0.36728885
 0.63889628]
2021-04-07 01:19:44,196 - pyswarms.single.global_best - INFO - Optimize for 150 iters with {'c1': 0.5, 'c2': 0.5, 'w': 0.5}
2021-04-07 01:20:14,017 - pyswarms.single.global_best - INFO - Optimization finished | best cost: 51.74257339399444, best pos: [0.78886804 0.97211713 0.23168768 0.66018226 0.53947446 0.68321971
 0.85715807 0.48437848 0.39369158 0.44495541 0.61210234 0.8056808
 0.61777382 0.81536549 0.53439584 0.42371253 0.45881192 0.80482839
 0.34027291 0.22121622 0.91583462 0.91683698 0.74496676 0.58239166
 0.62133968 0.72799414 0.76697634 0.48737831 0.47828774 0.55297831
 0.73169019 0.54790402 0.6838608  0.54677297 0.62900044 0.65167963
 0.58127416 0.59062622 0.86698911 0.64663988 0.56340297 0.56454122
 0.70730899 0.62292825 0.62004855 0.82419391 0.60826079 0.52252298
 0.89990461]
2021-04-07 01:20:50,591 - pyswarms.single.global_best - INFO - Optimize for 150 iters with {'c1': 0.5, 'c2': 0.5, 'w': 0.5}
2021-04-07 01:21:18,935 - pyswarms.single.global_best - INFO - Optimization finished | best cost: 51.74114429392977, best pos: [0.11931323 0.4921779  0.4596015  0.76259933 0.28091221 0.66162533
 0.64365623 0.35720885 0.86141149 0.86281153 0.28373627 0.73568139
 0.47319523 0.60244206 0.26661724 0.76774174 0.69103369 0.36946891
 0.3051353  0.44106439 0.54367205 0.68932216 0.44794209 0.60494491
 0.64329422 0.54122411 0.2500575  0.84667972 0.71753458 0.57831128
 0.31694776 0.43882362 0.2914766  0.75238766 0.7594693  0.6923762
 0.70528991 0.71630058 0.49116007 0.87475964 0.14120851 0.71459595
 0.42149706 0.40416897 0.67945243 0.58210995 0.23035739 0.50272619
 0.4158523 ]
2021-04-07 01:21:28,834 - pyswarms.single.global_best - INFO - Optimize for 150 iters with {'c1': 0.5, 'c2': 0.5, 'w': 0.5}
2021-04-07 01:21:57,369 - pyswarms.single.global_best - INFO - Optimization finished | best cost: 51.741106465536255, best pos: [0.24147774 0.23845795 0.58152346 0.48346585 0.37172516 0.6259739
 0.10255009 0.67026072 0.78701864 0.84482304 0.86091552 0.41319717
 0.29704788 0.8529249  0.44502263 0.66583032 0.85069756 0.66242507
 0.28127035 0.67827388 0.22757101 0.52227431 0.35180982 0.68072265
 0.54160061 0.25491376 0.66757931 0.33371201 0.41292499 0.53484933
 0.56505333 0.60857132 0.72509217 0.2462285  0.33153456 0.36976975
 0.5368381  0.46072791 0.11613852 0.53148956 0.15726886 0.30306586
 0.13871741 0.7815374  0.29818691 0.78652163 0.35570229 0.61382667
 0.14773217]
2021-04-07 01:23:05,824 - pyswarms.single.global_best - INFO - Optimize for 150 iters with {'c1': 0.5, 'c2': 0.5, 'w': 0.5}
2021-04-07 01:23:35,059 - pyswarms.single.global_best - INFO - Optimization finished | best cost: 51.741106465536255, best pos: [0.10589035 0.04870776 0.34276007 0.21006026 0.79169376 0.09260922
 0.23818128 0.60869503 0.94005584 0.3127755  0.33551035 0.0110858
 0.70724277 0.42107522 0.73253446 0.67606286 0.05681368 0.44109198
 0.0994159  0.19850417 0.1324365  0.64117317 0.87871894 0.34226172
 0.91452687 0.2337641  0.48488274 0.65437071 0.30954242 0.96761389
 0.82406028 0.80383917 0.49505602 0.5728939  0.05472052 0.93757283
 0.9093798  0.69282663 0.12932716 0.20396101 0.75525335 0.05531713
 0.18612971 0.9795462  0.14663032 0.76639891 0.79381943 0.98353939
 0.95952642]
2021-04-07 01:23:46,599 - pyswarms.single.global_best - INFO - Optimize for 150 iters with {'c1': 0.5, 'c2': 0.5, 'w': 0.5}
2021-04-07 01:24:15,952 - pyswarms.single.global_best - INFO - Optimization finished | best cost: 51.74013443734931, best pos: [0.74563746 0.88571674 0.8624065  0.78073535 0.74702714 0.7191104
 0.75344178 0.18687425 0.58767632 0.31513713 0.60293613 0.61394884
 0.25045589 0.10957305 0.54092698 0.38601779 0.6380175  0.5909313
 0.25815575 0.4162006  0.26593686 0.55309078 0.37186409 0.42924385
 0.4490276  0.91136556 0.6196411  0.1383325  0.40506785 0.56594438
 0.83585007 0.80638083 0.70209626 0.3160092  0.29360856 0.36692303
 0.70574617 0.41750975 0.18183341 0.30612246 0.45425391 0.71170366
 0.44850744 0.73096413 0.47628452 0.84633627 0.10381401 0.37808933
 0.58070947]
2021-04-07 01:24:56,100 - pyswarms.single.global_best - INFO - Optimize for 150 iters with {'c1': 0.5, 'c2': 0.5, 'w': 0.5}
2021-04-07 01:25:27,030 - pyswarms.single.global_best - INFO - Optimization finished | best cost: 51.74266194486494, best pos: [0.52087806 0.6010209  0.09099188 0.61870011 0.31091267 0.59106591
 0.9024258  0.92391107 0.01762211 0.7097     0.49552487 0.71714239
 0.81542979 0.79094349 0.56470451 0.6375177  0.63440942 0.49210413
 0.55143359 0.25044073 0.80079163 0.62001308 0.52611047 0.70930979
 0.65553427 0.48629972 0.38462199 0.34156541 0.40203723 0.45827225
 0.71655617 0.44585702 0.65230688 0.5381195  0.71803709 0.7334577
 0.26001375 0.68305031 0.77580578 0.58243778 0.71381859 0.60620359
 0.88089976 0.06887148 0.66705758 0.6975396  0.83893283 0.13899718
 0.35438869]
2021-04-07 01:25:37,592 - pyswarms.single.global_best - INFO - Optimize for 150 iters with {'c1': 0.5, 'c2': 0.5, 'w': 0.5}
2021-04-07 01:26:05,807 - pyswarms.single.global_best - INFO - Optimization finished | best cost: 51.74219093279483, best pos: [0.29601417 0.53373427 0.48447351 0.65615109 0.22081227 0.46953007
 0.89027835 0.25226864 0.40957071 0.51215013 0.20634377 0.44810426
 0.49538666 0.69939977 0.45903807 0.76995212 0.54710781 0.2412949
 0.72251905 0.51594926 0.43888651 0.87180974 0.61719333 0.26815844
 0.34760638 0.57007386 0.92229937 0.57216496 0.77969462 0.67271843
 0.25087069 0.35981902 0.53873855 0.303007   0.44163031 0.79693773
 0.45582835 0.57604201 0.38833482 0.64288505 0.17590229 0.49462755
 0.51912757 0.26944437 0.46176384 0.1999511  0.87417871 0.13224477
 0.57204496]
2021-04-07 01:26:16,362 - pyswarms.single.global_best - INFO - Optimize for 150 iters with {'c1': 0.5, 'c2': 0.5, 'w': 0.5}
2021-04-07 07:39:17,937 - pyswarms.single.global_best - INFO - Optimization finished | best cost: 51.741106465536255, best pos: [0.49372384 0.76507733 0.552088   0.51227063 0.56493148 0.65810146
 0.64430144 0.5818224  0.66340334 0.62976395 0.67831867 0.53588069
 0.57463486 0.75240035 0.49479022 0.49341607 0.65305613 0.31753972
 0.21539804 0.43173698 0.27122129 0.67489419 0.27837342 0.60279153
 0.62003811 0.59916341 0.68874242 0.36295296 0.41499644 0.31409918
 0.80164053 0.24387922 0.68863047 0.30507452 0.41339198 0.51516268
 0.23168152 0.63011924 0.79162172 0.47003543 0.2873066  0.6435766
 0.72921705 0.31151551 0.55830536 0.62964498 0.44149105 0.53336985
 0.71567452]
2021-04-07 07:39:28,573 - pyswarms.single.global_best - INFO - Optimize for 150 iters with {'c1': 0.5, 'c2': 0.5, 'w': 0.5}
2021-04-07 07:39:57,323 - pyswarms.single.global_best - INFO - Optimization finished | best cost: 51.74114429392977, best pos: [0.74914034 0.71440872 0.75715318 0.68766961 0.77733956 0.46539204
 0.74705478 0.37455298 0.74479824 0.591552   0.74457387 0.35618243
 0.75474577 0.55328231 0.59365256 0.70325458 0.53480097 0.75162576
 0.50115022 0.75326754 0.62923483 0.74366992 0.6953039  0.70107659
 0.71520338 0.44805512 0.54579932 0.82887774 0.55026449 0.56542431
 0.79596198 0.42199111 0.58792349 0.46687557 0.36786098 0.85835328
 0.36745688 0.76970849 0.59775062 0.73024939 0.18966326 0.71957421
 0.6767149  0.75069176 0.58196302 0.34415457 0.53862752 0.42162976
 0.6432317 ]
2021-04-07 07:40:08,437 - pyswarms.single.global_best - INFO - Optimize for 150 iters with {'c1': 0.5, 'c2': 0.5, 'w': 0.5}
2021-04-07 07:40:42,962 - pyswarms.single.global_best - INFO - Optimization finished | best cost: 51.741106465536255, best pos: [0.66932214 0.27811083 0.81438293 0.29877256 0.73720608 0.61026943
 0.65894033 0.82921002 0.72321047 0.55844861 0.73056977 0.76783458
 0.45107842 0.18508409 0.88669892 0.75921261 0.58334724 0.5554527
 0.43433698 0.53545562 0.41668091 0.33460672 0.54726558 0.22943191
 0.29091122 0.48720626 0.66208895 0.45985489 0.93639856 0.09103416
 0.73541058 0.85953078 0.23503516 0.77453954 0.70013266 0.32337688
 0.20068129 0.84648662 0.17635159 0.44844818 0.52524284 0.52921146
 0.4877715  0.74653448 0.5815646  0.77609495 0.70086371 0.41039673
 0.79482454]
2021-04-07 07:55:53,034 - pyswarms.single.global_best - INFO - Optimize for 150 iters with {'c1': 0.5, 'c2': 0.5, 'w': 0.5}
2021-04-07 07:56:13,335 - pyswarms.single.global_best - INFO - Optimization finished | best cost: 51.74114429392977, best pos: [0.3692869  0.5416837  0.66470398 0.23606478 0.66759637 0.83833188
 0.62389891 0.57413955 0.42225377 0.56993704 0.52906034 0.59494805
 0.65519912 0.5752007  0.67514064 0.52341281 0.45527655 0.77378031
 0.53575095 0.74417508 0.34001711 0.3066231  0.61654085 0.23749166
 0.6554799  0.47746706 0.68980895 0.53770436 0.76064353 0.85715277
 0.68962057 0.75298327 0.64463039 0.54317738 0.41922286 0.75028811
 0.52138759 0.63841274 0.30104232 0.58186298 0.52542835 0.53672804
 0.42513128 0.70885752 0.33255154 0.66728624 0.55244324 0.50742567
 0.51415221]
2021-04-07 07:57:41,897 - pyswarms.single.global_best - INFO - Optimize for 150 iters with {'c1': 0.5, 'c2': 0.5, 'w': 0.5}
2021-04-07 07:58:01,265 - pyswarms.single.global_best - INFO - Optimization finished | best cost: 51.739321681986745, best pos: [0.58556365 0.45481314 0.67118874 0.51247991 0.57933556 0.6886536
 0.92676617 0.45693325 0.52924886 0.48337647 0.61225546 0.39053344
 0.87904758 0.30411935 0.66185498 0.90193821 0.69235348 0.86725238
 0.54142807 0.48427027 0.62335086 0.38427771 0.75315056 0.91370471
 0.67908434 0.77521167 0.68551181 0.14666064 0.46008178 0.81000175
 0.83027171 0.69987553 0.72566563 0.42825272 0.62117036 0.82408697
 0.77020305 0.60824455 0.45652279 0.25438931 0.71781273 0.53837059
 0.75789772 0.83704373 0.74462289 0.43257227 0.8303192  0.84590197
 0.81871736]
2021-04-07 07:58:21,508 - pyswarms.single.global_best - INFO - Optimize for 150 iters with {'c1': 0.5, 'c2': 0.5, 'w': 0.5}
2021-04-07 07:58:41,392 - pyswarms.single.global_best - INFO - Optimization finished | best cost: 51.74077092415144, best pos: [0.69506752 0.14179045 0.53073729 0.82023048 0.94555116 0.10876524
 0.06879043 0.38492693 0.67134885 0.67273527 0.78741725 0.72124168
 0.30728225 0.56418785 0.68120789 0.6177721  0.44428177 0.49036698
 0.19278969 0.69795326 0.64777168 0.65518068 0.66639164 0.51670212
 0.63681852 0.81938409 0.50837493 0.10900915 0.20312576 0.5968356
 0.5286526  0.51267972 0.3971185  0.67522986 0.63757804 0.40940714
 0.76019896 0.75555069 0.5311824  0.75335258 0.56306349 0.74781725
 0.70710467 0.84129757 0.1803699  0.35596133 0.64382186 0.74936839
 0.39893602]
2021-04-07 07:59:01,884 - pyswarms.single.global_best - INFO - Optimize for 150 iters with {'c1': 0.5, 'c2': 0.5, 'w': 0.5}
2021-04-07 07:59:19,791 - pyswarms.single.global_best - INFO - Optimization finished | best cost: 51.74219093279483, best pos: [0.56536755 0.73901757 0.29621379 0.16572379 0.32410741 0.22792324
 0.71910607 0.59842557 0.49006688 0.8901261  0.77502124 0.21713316
 0.3112666  0.48572872 0.25756798 0.1833029  0.33990837 0.56035192
 0.41087351 0.48219034 0.52171234 0.60297446 0.46708106 0.558701
 0.61177359 0.47116164 0.55516086 0.81493423 0.22313847 0.40893036
 0.67491234 0.47843574 0.41167999 0.55842527 0.56632627 0.5475567
 0.12255747 0.4747083  0.21092715 0.47948011 0.37447834 0.47365021
 0.40930931 0.6481102  0.5487761  0.67490664 0.54132291 0.75157305
 0.49341419]
2021-04-07 07:59:40,845 - pyswarms.single.global_best - INFO - Optimize for 150 iters with {'c1': 0.5, 'c2': 0.5, 'w': 0.5}
2021-04-07 08:00:01,924 - pyswarms.single.global_best - INFO - Optimization finished | best cost: 51.740487578791466, best pos: [0.78042191 0.70821609 0.89923262 0.32599246 0.49597695 0.40251995
 0.67681814 0.43993081 0.38213984 0.67209118 0.15660097 0.58831994
 0.66607156 0.2276002  0.70886903 0.66958609 0.69655329 0.80448142
 0.67225003 0.78166797 0.61344828 0.52115172 0.28421659 0.42411714
 0.75242389 0.76753458 0.87074526 0.73322254 0.61030889 0.6383319
 0.63045884 0.33168061 0.6341173  0.50463175 0.39242531 0.79819971
 0.08008084 0.37013558 0.43387642 0.2289797  0.61193125 0.70034106
 0.82176224 0.7908807  0.28571226 0.32427414 0.50421661 0.3505576
 0.67630772]
2021-04-07 08:00:24,050 - pyswarms.single.global_best - INFO - Optimize for 150 iters with {'c1': 0.5, 'c2': 0.5, 'w': 0.5}
2021-04-07 08:00:45,041 - pyswarms.single.global_best - INFO - Optimization finished | best cost: 51.739686094606164, best pos: [0.29346508 0.36681544 0.51023688 0.67939009 0.63388432 0.78450962
 0.67565974 0.88778599 0.57258252 0.65662803 0.34224968 0.63056511
 0.68803945 0.51811482 0.21848779 0.56613283 0.45333382 0.90890849
 0.86881027 0.39986495 0.69163636 0.59622618 0.46602503 0.38009362
 0.54991005 0.71835869 0.662505   0.54347174 0.56467756 0.65987438
 0.54993694 0.77044097 0.7618777  0.20835928 0.42828994 0.70972354
 0.21257947 0.74390657 0.38141045 0.74689189 0.62073343 0.41966373
 0.664659   0.52952752 0.03521142 0.6815458  0.92564508 0.43296148
 0.78704914]
2021-04-07 08:05:33,052 - pyswarms.single.global_best - INFO - Optimize for 150 iters with {'c1': 0.5, 'c2': 0.5, 'w': 0.5}
2021-04-07 08:05:53,956 - pyswarms.single.global_best - INFO - Optimization finished | best cost: 51.742425590093916, best pos: [0.15905127 0.22853592 0.7406899  0.3571082  0.67725364 0.73180388
 0.08482711 0.31773389 0.4178966  0.89382483 0.07325477 0.38590282
 0.86636384 0.57817947 0.39676926 0.57591167 0.56025598 0.2680262
 0.41989696 0.48806236 0.34388552 0.38618188 0.64014961 0.75197889
 0.86694286 0.55995888 0.46184202 0.35314532 0.85337175 0.60701711
 0.83079315 0.5483957  0.87023418 0.19949683 0.43273854 0.70957683
 0.71921499 0.2051976  0.7527201  0.32883219 0.76864282 0.32307606
 0.13407998 0.42512236 0.50306234 0.64656778 0.39305496 0.68854299
 0.21145824]
2021-04-07 08:06:04,929 - pyswarms.single.global_best - INFO - Optimize for 150 iters with {'c1': 0.5, 'c2': 0.5, 'w': 0.5}
2021-04-07 08:06:25,573 - pyswarms.single.global_best - INFO - Optimization finished | best cost: 51.74068861171676, best pos: [0.6970254  0.37389537 0.71115275 0.66116218 0.42083614 0.03984107
 0.60721483 0.3994036  0.17571504 0.87698251 0.47780805 0.95442932
 0.30949302 0.75925839 0.80693082 0.39644384 0.86599517 0.10612979
 0.26418004 0.6653351  0.94489819 0.51505155 0.72878873 0.22743548
 0.14677202 0.68082971 0.32532324 0.65121257 0.6979229  0.92539483
 0.80059851 0.66234246 0.94841887 0.25044962 0.69988128 0.6472487
 0.44634066 0.46671431 0.21531192 0.6323191  0.64726114 0.67379631
 0.5079478  0.50718619 0.38220096 0.75811363 0.10828735 0.38429517
 0.1327442 ]
2021-04-07 08:06:36,289 - pyswarms.single.global_best - INFO - Optimize for 150 iters with {'c1': 0.5, 'c2': 0.5, 'w': 0.5}
2021-04-07 08:06:56,282 - pyswarms.single.global_best - INFO - Optimization finished | best cost: 51.74257339399444, best pos: [0.73322239 0.7241545  0.76379775 0.82124262 0.28189174 0.63791432
 0.28055679 0.74231208 0.62047951 0.7552305  0.7428445  0.22393207
 0.51228873 0.63860335 0.52423967 0.64579003 0.62175603 0.80702838
 0.64783985 0.54658988 0.39474683 0.45351512 0.51652035 0.44591966
 0.39380935 0.85061857 0.75147578 0.23151094 0.73885981 0.52184263
 0.3555174  0.75594471 0.15601256 0.63245161 0.75441963 0.47000245
 0.49049916 0.42861332 0.71388854 0.41043194 0.36047245 0.50964444
 0.2011081  0.24209088 0.55388284 0.53294382 0.94932964 0.67492737
 0.70912198]
2021-04-07 08:07:06,748 - pyswarms.single.global_best - INFO - Optimize for 150 iters with {'c1': 0.5, 'c2': 0.5, 'w': 0.5}
2021-04-07 08:07:26,566 - pyswarms.single.global_best - INFO - Optimization finished | best cost: 51.74114429392977, best pos: [0.95624147 0.40728626 0.615998   0.30656902 0.5559964  0.6814267
 0.65388372 0.98269788 0.49231962 0.60473947 0.40606504 0.76113587
 0.17802236 0.70527907 0.36849734 0.38817806 0.27481008 0.60896021
 0.38758183 0.27229532 0.81842876 0.54318591 0.65408138 0.73568516
 0.31763138 0.49886315 0.67662361 0.85303786 0.0964664  0.07830094
 0.17911324 0.44585216 0.2916489  0.30153646 0.67855503 0.47969632
 0.54831317 0.7744143  0.82272293 0.7594572  0.36999505 0.85118058
 0.44310931 0.34616673 0.72099613 0.28253428 0.46312979 0.37848934
 0.56075528]
2021-04-07 08:07:37,480 - pyswarms.single.global_best - INFO - Optimize for 150 iters with {'c1': 0.5, 'c2': 0.5, 'w': 0.5}
2021-04-07 08:07:58,571 - pyswarms.single.global_best - INFO - Optimization finished | best cost: 51.74077092415144, best pos: [0.33232483 0.09292933 0.56622077 0.06892246 0.46127815 0.57919746
 0.13283184 0.48496146 0.31386298 0.65227144 0.13238812 0.68705397
 0.50546591 0.84459964 0.11242529 0.41573158 0.24128218 0.26265606
 0.63884722 0.12903389 0.7937289  0.73538765 0.53007874 0.73714057
 0.66635615 0.47999242 0.37719902 0.76542978 0.81253479 0.53219782
 0.80290311 0.68531457 0.91842309 0.46486354 0.69899962 0.82478
 0.88823745 0.80275767 0.51120273 0.92878834 0.57527363 0.45109262
 0.30263004 0.43638842 0.67728181 0.64104585 0.11901482 0.71782847
 0.6773175 ]
2021-04-07 08:08:09,772 - pyswarms.single.global_best - INFO - Optimize for 150 iters with {'c1': 0.5, 'c2': 0.5, 'w': 0.5}
2021-04-07 08:08:31,002 - pyswarms.single.global_best - INFO - Optimization finished | best cost: 51.74077092415144, best pos: [0.56868044 0.4735656  0.77752999 0.53907828 0.41831444 0.37418308
 0.68934901 0.85548679 0.86347852 0.46868632 0.68694794 0.58560956
 0.47166248 0.89692643 0.36921132 0.39948236 0.62241708 0.31749607
 0.78995267 0.67408846 0.45700575 0.27809696 0.75140818 0.49353515
 0.26271877 0.53804057 0.7733578  0.37938544 0.52756568 0.7147083
 0.17070943 0.76882354 0.62500997 0.6978547  0.31541997 0.71643618
 0.23461893 0.31051141 0.42509596 0.62067688 0.92627189 0.79506842
 0.36851566 0.32485516 0.53789868 0.54480265 0.73495231 0.48038564
 0.525697  ]
2021-04-07 08:08:41,834 - pyswarms.single.global_best - INFO - Optimize for 150 iters with {'c1': 0.5, 'c2': 0.5, 'w': 0.5}
2021-04-07 08:09:02,236 - pyswarms.single.global_best - INFO - Optimization finished | best cost: 51.74281705396684, best pos: [0.42545013 0.45693902 0.9509111  0.08783118 0.7444272  0.01986722
 0.14238763 0.80083308 0.68293702 0.53138981 0.66016118 0.79241004
 0.35464196 0.63245674 0.25242023 0.68897072 0.02070258 0.17006025
 0.56718651 0.13120706 0.73554177 0.58302961 0.29112455 0.13434858
 0.89947467 0.5323182  0.84648071 0.51686082 0.96125233 0.80402171
 0.73702987 0.12941877 0.20618296 0.34934918 0.42675249 0.32400361
 0.83437459 0.30738377 0.64616857 0.88995743 0.59593761 0.86792309
 0.15535223 0.65794456 0.28690543 0.52624923 0.47799227 0.84650671
 0.64424963]
2021-04-07 08:09:13,106 - pyswarms.single.global_best - INFO - Optimize for 150 iters with {'c1': 0.5, 'c2': 0.5, 'w': 0.5}
2021-04-07 08:09:34,402 - pyswarms.single.global_best - INFO - Optimization finished | best cost: 51.74013443734931, best pos: [0.75420499 0.27367797 0.66885673 0.27130113 0.25985657 0.70517911
 0.65074046 0.49474485 0.42929916 0.41509521 0.35803389 0.7086672
 0.7369484  0.24121092 0.63689604 0.49216007 0.11547314 0.10508042
 0.33044214 0.82118377 0.64589308 0.14513783 0.56273669 0.80997833
 0.41519201 0.91195638 0.19694937 0.78750124 0.21021209 0.69669824
 0.17472295 0.62568858 0.87315625 0.55468453 0.74084099 0.25208381
 0.75011239 0.12180589 0.77011841 0.73094513 0.75820039 0.77091494
 0.83408299 0.75548757 0.62984233 0.39596099 0.37614328 0.47970818
 0.25234425]
2021-04-07 08:09:45,161 - pyswarms.single.global_best - INFO - Optimize for 150 iters with {'c1': 0.5, 'c2': 0.5, 'w': 0.5}
2021-04-07 08:10:06,090 - pyswarms.single.global_best - INFO - Optimization finished | best cost: 51.74114429392977, best pos: [0.47918977 0.28906865 0.42456642 0.73370879 0.40583035 0.45108801
 0.39099348 0.3275403  0.43247147 0.39218872 0.63396505 0.52857429
 0.49859506 0.14492221 0.42342139 0.89550416 0.41439698 0.88501921
 0.66127916 0.64259513 0.47507569 0.71723377 0.65553545 0.73318146
 0.57915453 0.65217318 0.41029017 0.49645674 0.66060308 0.70823168
 0.39961006 0.7692501  0.50892537 0.65870162 0.66278368 0.70026099
 0.79704856 0.56677842 0.24604891 0.47044147 0.8397207  0.43756843
 0.49841445 0.73692122 0.51748539 0.87745038 0.62942367 0.4992024
 0.62152903]
2021-04-07 08:10:16,597 - pyswarms.single.global_best - INFO - Optimize for 150 iters with {'c1': 0.5, 'c2': 0.5, 'w': 0.5}
2021-04-07 08:10:36,106 - pyswarms.single.global_best - INFO - Optimization finished | best cost: 51.74083667669695, best pos: [0.66610822 0.31834012 0.82323987 0.968875   0.47270821 0.51859022
 0.03486388 0.26894747 0.08861946 0.62853509 0.82516108 0.42919305
 0.61677241 0.67674119 0.21734909 0.39145724 0.68584492 0.33675972
 0.34835543 0.51585098 0.85849855 0.33256401 0.6963989  0.32038014
 0.1754557  0.71500375 0.76145673 0.03955015 0.90028592 0.17554249
 0.81720621 0.3361945  0.57552606 0.33723961 0.49006206 0.90477541
 0.1507223  0.35552458 0.04214689 0.48655945 0.96528319 0.54828634
 0.90172024 0.82634853 0.37834756 0.78334963 0.48166742 0.49515858
 0.55514438]
2021-04-07 08:10:46,906 - pyswarms.single.global_best - INFO - Optimize for 150 iters with {'c1': 0.5, 'c2': 0.5, 'w': 0.5}
2021-04-07 08:11:10,290 - pyswarms.single.global_best - INFO - Optimization finished | best cost: 51.74077092415144, best pos: [0.81317649 0.38557344 0.71683364 0.46318977 0.80213349 0.30610397
 0.41717519 0.09533437 0.90361711 0.40382788 0.42348014 0.59887521
 0.55787359 0.61461279 0.88732635 0.22669439 0.4901631  0.82449696
 0.26214877 0.37540264 0.33557811 0.65559614 0.87272337 0.39288142
 0.84016848 0.224636   0.59969598 0.66027266 0.93430158 0.79813901
 0.26505812 0.95647363 0.55342987 0.42039654 0.72696852 0.93421514
 0.7281054  0.28781351 0.39202913 0.61158601 0.81923775 0.7524212
 0.6206428  0.59040933 0.49462057 0.70793423 0.83688687 0.74237442
 0.51270975]
2021-04-07 08:11:21,785 - pyswarms.single.global_best - INFO - Optimize for 150 iters with {'c1': 0.5, 'c2': 0.5, 'w': 0.5}
2021-04-07 08:11:42,736 - pyswarms.single.global_best - INFO - Optimization finished | best cost: 51.73886407698285, best pos: [0.1586214  0.83893753 0.61625435 0.59095877 0.88246065 0.64676684
 0.73106041 0.69117604 0.3359747  0.75291928 0.60213561 0.68837394
 0.68654872 0.71182349 0.53640608 0.53701941 0.7582489  0.21620333
 0.51994746 0.78033073 0.57647307 0.79657248 0.70276814 0.33012444
 0.83736349 0.74377107 0.60387321 0.53971947 0.41471826 0.63685198
 0.5883871  0.68594759 0.65032177 0.7276686  0.84358752 0.35831601
 0.43706573 0.46455958 0.59368128 0.75661983 0.79377216 0.72117355
 0.85421786 0.52532572 0.53801409 0.6802448  0.22856888 0.07676551
 0.32535858]
2021-04-07 08:11:53,388 - pyswarms.single.global_best - INFO - Optimize for 150 iters with {'c1': 0.5, 'c2': 0.5, 'w': 0.5}
2021-04-07 08:12:13,931 - pyswarms.single.global_best - INFO - Optimization finished | best cost: 51.740487578791466, best pos: [0.50814063 0.58296083 0.39028841 0.56892394 0.34135233 0.25405427
 0.76845329 0.67383558 0.05162857 0.2965577  0.51933579 0.25280369
 0.66111661 0.42217609 0.46657102 0.1812725  0.61554516 0.88937442
 0.73409746 0.23056514 0.72362756 0.67520403 0.53739568 0.93788742
 0.95150294 0.11774766 0.1734214  0.27529157 0.75374565 0.77185686
 0.17292605 0.45330093 0.61591098 0.89595933 0.64631726 0.44578692
 0.9517006  0.29408327 0.78030119 0.45466227 0.31425557 0.74235972
 0.36045204 0.70091866 0.80304624 0.78616767 0.24292638 0.7214554
 0.48216937]
2021-04-07 08:12:24,874 - pyswarms.single.global_best - INFO - Optimize for 150 iters with {'c1': 0.5, 'c2': 0.5, 'w': 0.5}
2021-04-07 08:12:46,487 - pyswarms.single.global_best - INFO - Optimization finished | best cost: 51.74151659859302, best pos: [0.50039642 0.21092017 0.31190525 0.75488205 0.53168281 0.32877898
 0.57235522 0.79562792 0.61933497 0.41324446 0.33451018 0.74098927
 0.90777678 0.49890104 0.81973857 0.74894671 0.59192499 0.46865772
 0.20622376 0.52936328 0.23007563 0.84103931 0.51604753 0.69941344
 0.34626928 0.92026831 0.59708169 0.62833026 0.51378951 0.5268007
 0.79039955 0.72703269 0.2263878  0.44183303 0.49616249 0.27952425
 0.56938068 0.45609996 0.38663389 0.28437388 0.62005506 0.57037714
 0.69647907 0.47645436 0.44977975 0.69470333 0.52869035 0.71402498
 0.53295723]
2021-04-07 08:12:57,374 - pyswarms.single.global_best - INFO - Optimize for 150 iters with {'c1': 0.5, 'c2': 0.5, 'w': 0.5}
2021-04-07 08:13:19,414 - pyswarms.single.global_best - INFO - Optimization finished | best cost: 51.742318407010735, best pos: [0.47654282 0.55647534 0.60118033 0.53208853 0.33272749 0.43708963
 0.10054666 0.71803983 0.73125975 0.78075588 0.56863615 0.80643438
 0.33010074 0.52858774 0.34876507 0.55551266 0.44540839 0.60565469
 0.86971246 0.84705012 0.61954606 0.55668294 0.59290028 0.38748338
 0.35057508 0.45182258 0.64170317 0.16783031 0.46966614 0.68746297
 0.77373383 0.21818191 0.60527993 0.20628874 0.62557973 0.61118679
 0.51732352 0.68986627 0.76813692 0.69437303 0.70585594 0.17289388
 0.25913685 0.51812537 0.63858091 0.69135716 0.55740566 0.55751015
 0.4609666 ]
2021-04-07 08:18:56,370 - pyswarms.single.global_best - INFO - Optimize for 150 iters with {'c1': 0.5, 'c2': 0.5, 'w': 0.5}
2021-04-07 08:19:15,145 - pyswarms.single.global_best - INFO - Optimization finished | best cost: 51.74013443734931, best pos: [0.30586675 0.502178   0.56815311 0.34766671 0.48957051 0.65091904
 0.2867228  0.49287809 0.72076495 0.39002396 0.78636992 0.79861031
 0.24006765 0.68533212 0.28630339 0.41878734 0.54040042 0.8530525
 0.46397742 0.71701772 0.48359531 0.56848683 0.38015855 0.70263702
 0.56779013 0.43953076 0.50142962 0.83361344 0.4831058  0.68300196
 0.35216177 0.27020697 0.4554271  0.39324345 0.70779237 0.44665279
 0.69887817 0.3166766  0.54199264 0.91085185 0.33501327 0.52029663
 0.63240526 0.56174861 0.58307079 0.74080098 0.56010397 0.35765385
 0.87932024]
2021-04-07 08:23:11,627 - pyswarms.single.global_best - INFO - Optimize for 150 iters with {'c1': 0.5, 'c2': 0.5, 'w': 0.5}
2021-04-07 08:23:32,615 - pyswarms.single.global_best - INFO - Optimization finished | best cost: 47.374866068735784, best pos: [0.70790328 0.64588593 0.47595709 0.65586677 0.71483017 0.47164899
 0.74147942 0.56625197 0.47915358 0.74672231 0.40463724 0.41427445
 0.69100073 0.26890366 0.71905519 0.28011832 0.74340121 0.70415602
 0.78638995 0.47123535 0.80188151 0.43308864 0.37874059 0.49950183
 0.58385185 0.67043714 0.54389034 0.38471888 0.27688173 0.59313761
 0.84455043 0.73940353 0.52659506 0.35419644 0.53513937 0.45035251
 0.71708096 0.45123946 0.69628958 0.7919405  0.29609394 0.67845099
 0.59188491 0.63979108 0.35193365 0.4047333  0.8459242  0.3060479
 0.57067748]
2021-04-07 11:03:20,011 - pyswarms.single.global_best - INFO - Optimize for 150 iters with {'c1': 0.5, 'c2': 0.5, 'w': 0.5}
2021-04-07 11:03:40,338 - pyswarms.single.global_best - INFO - Optimization finished | best cost: 55.08796305139349, best pos: [0.34746748 0.36691146 0.5810188  0.63190417 0.67648415 0.89905254
 0.64434772 0.15846264 0.39706733 0.38964559 0.25200983 0.59239101
 0.71041426 0.6414312  0.9220796  0.2778734  0.35383576 0.14257568
 0.78105897 0.25295227 0.21996399 0.79992345 0.20055627 0.62519504
 0.43427422 0.76266728 0.37768448 0.629995   0.24081304 0.82016154
 0.72467315 0.79748544 0.71733424 0.18957802 0.36671342]
2021-04-07 15:13:30,861 - pyswarms.single.global_best - INFO - Optimize for 150 iters with {'c1': 0.5, 'c2': 0.5, 'w': 0.5}
2021-04-07 15:13:50,032 - pyswarms.single.global_best - INFO - Optimization finished | best cost: 55.08506171024597, best pos: [0.1819883  0.39422134 0.72216618 0.26461132 0.82027772 0.20476713
 0.72469239 0.53018959 0.15484323 0.62542075 0.38004007 0.55705471
 0.88927046 0.02857773 0.39123429 0.2254626  0.65790311 0.6698523
 0.2562413  0.61229291 0.37328307 0.16552146 0.59292839 0.28942469
 0.62259611 0.62425421 0.61790835 0.36441785 0.82560015 0.77682111
 0.52191078 0.22946155 0.18803613 0.17443732 0.51899148]
2021-04-08 00:42:31,496 - pyswarms.single.global_best - INFO - Optimize for 150 iters with {'c1': 0.5, 'c2': 0.5, 'w': 0.5}
2021-04-08 00:42:52,867 - pyswarms.single.global_best - INFO - Optimization finished | best cost: 55.08506171024597, best pos: [0.49900007 0.34090254 0.34381809 0.45987285 0.6890588  0.73330191
 0.5077543  0.41706935 0.66783992 0.89311233 0.36460249 0.64537626
 0.77306522 0.17080394 0.71533124 0.52100714 0.16882566 0.28108186
 0.69382918 0.591738   0.40662794 0.47268923 0.57381745 0.7510339
 0.46004278 0.56385632 0.76156156 0.88242929 0.39440213 0.11004335
 0.51429684 0.44085677 0.66486499 0.3392996  0.29303379]
2021-04-09 12:16:48,353 - pyswarms.single.global_best - INFO - Optimize for 150 iters with {'c1': 0.5, 'c2': 0.5, 'w': 0.5}
2021-04-09 12:17:13,574 - pyswarms.single.global_best - INFO - Optimization finished | best cost: 96.00677749247595, best pos: [0.3082105  0.24144866 0.88711382 0.17193454 0.54876367 0.67939298
 0.59853851 0.88484664 0.759913   0.28150121 0.21626952 0.61719131
 0.34873876 0.45014934 0.57085493 0.08177552 0.29282894 0.12832407
 0.30787389 0.52492219 0.29941859 0.27250889 0.83664968 0.58309754
 0.51175548 0.47065329 0.22432692 0.51936857 0.39902946 0.69828091
 0.10607188 0.67884984 0.40739962 0.33125259 0.80007398 0.3727508
 0.47810468 0.50459938 0.32178947 0.4187199  0.50159151 0.04709156
 0.9321188  0.41656826 0.55237428 0.54464248 0.30632212 0.8016594
 0.71084147]
2021-04-09 19:35:19,380 - pyswarms.single.global_best - INFO - Optimize for 150 iters with {'c1': 0.5, 'c2': 0.5, 'w': 0.5}
2021-04-09 19:35:52,189 - pyswarms.single.global_best - INFO - Optimization finished | best cost: 96.00851816959698, best pos: [0.28686404 0.60298455 0.72043805 0.64424164 0.85111672 0.58974963
 0.82606456 0.62563175 0.36857264 0.55003366 0.78190333 0.61646554
 0.6991857  0.56642229 0.65975618 0.52795467 0.67790282 0.44814554
 0.44640904 0.45893149 0.75435787 0.34984577 0.70757235 0.5440739
 0.63616827 0.62244392 0.55219502 0.50975013 0.91473314 0.74642311
 0.70785231 0.6172514  0.42475257 0.7453389  0.87291705 0.41866996
 0.71092969 0.47359148 0.82012476 0.53918569 0.19224849 0.52291278
 0.91122073 0.41572895 0.58794426 0.44256423 0.29822821 0.52267373
 0.69466249]
2021-04-10 04:21:25,608 - pyswarms.single.global_best - INFO - Optimize for 150 iters with {'c1': 0.5, 'c2': 0.5, 'w': 0.5}
2021-04-10 04:35:16,929 - pyswarms.single.global_best - INFO - Optimization finished | best cost: 82.2256145717942, best pos: [0.55763502 0.82834898 0.23452795 0.2952094  0.6330668  0.17127378
 0.33790781 0.81694027 0.51429122 0.41092528 0.42850569 0.18553499
 0.390159   0.58868044 0.81189316 0.19918365 0.36666641 0.71630443
 0.27938163 0.20637338 0.29577479 0.64019215 0.32028777 0.31774649
 0.50271922 0.73592555 0.24685593 0.60909446 0.62343216 0.37164141
 0.70987899 0.38279238 0.24276574 0.29017537 0.61380195 0.29321217
 0.21320113 0.56277464 0.28964801 0.56479869 0.57825341 0.67426214
 0.14109774 0.55983837 0.88263664 0.30606677 0.43649484 0.41781084
 0.58804925 0.46134472 0.76726772 0.67520604 0.55627523 0.56490708
 0.6218542  0.4051089  0.55038555 0.52718167 0.70822309 0.40321805
 0.72304534 0.7033908  0.72893066 0.45880222 0.5920024  0.67044833
 0.50867109 0.31930824 0.36118435 0.74694001]
2021-05-02 15:49:43,680 - pyswarms.single.global_best - INFO - Optimize for 150 iters with {'c1': 0.5, 'c2': 0.5, 'w': 0.5}
2021-05-02 15:50:05,285 - pyswarms.single.global_best - INFO - Optimization finished | best cost: 36.23027031237075, best pos: [0.37151756 0.69119827 0.87480541 0.31670375 0.83754242 0.68600879
 0.26169729 0.80298582 0.3053911  0.28297299 0.70040048 0.33148741
 0.44317144 0.81452711 0.87678643 0.35994511 0.47109279 0.69873958
 0.4292269  0.16120446 0.18044458 0.70531945 0.14706527 0.62275665
 0.01813248 0.53138338 0.52348204 0.75689893 0.36669571 0.46543737
 0.84529867 0.76751082 0.87778071 0.29436388 0.25227926]
2021-05-02 15:53:03,714 - pyswarms.single.global_best - INFO - Optimize for 150 iters with {'c1': 0.5, 'c2': 0.5, 'w': 0.5}
2021-05-02 15:53:23,041 - pyswarms.single.global_best - INFO - Optimization finished | best cost: 59.41629945699493, best pos: [0.73324191 0.57481902 0.70670961 0.80932517 0.14792866 0.64068559
 0.58843162 0.55994589 0.6484917  0.83889902 0.46113598 0.76423374
 0.70321916 0.82531204 0.68691127 0.3288137  0.49968616 0.8935986
 0.59251567 0.90444851 0.43220178 0.67480834 0.18261667 0.55982534
 0.49238771 0.44105243 0.193806   0.68275792 0.51479961 0.37972738
 0.63129219 0.2478809  0.43236913 0.50693285 0.65757117]
2021-05-25 16:35:33,636 - pyswarms.single.global_best - INFO - Optimize for 150 iters with {'c1': 0.5, 'c2': 0.5, 'w': 0.5}
2021-05-25 16:47:50,926 - pyswarms.single.global_best - INFO - Optimization finished | best cost: 82.23426848072427, best pos: [0.378613   0.29699332 0.16727873 0.74737963 0.03694442 0.39819287
 0.03903241 0.36733409 0.47732825 0.89643653 0.07031759 0.05581448
 0.21441532 0.60172737 0.0878364  0.74392632 0.41523829 0.47113827
 0.09375195 0.48912326 0.17637292 0.78793475 0.7945739  0.41564189
 0.98407811 0.16962214 0.8261976  0.33637127 0.53683116 0.49579302
 0.85113268 0.86216369 0.2395505  0.07652338 0.94507177 0.21027903
 0.33430333 0.38893972 0.02154408 0.33536834 0.0287099  0.23992912
 0.38976926 0.2270445  0.45923208 0.70607191 0.60713693 0.0632992
 0.91211366 0.46100169 0.37304569 0.50515857 0.33506846 0.56133092
 0.13270806 0.05278011 0.52934643 0.92438267 0.51935597 0.02090059
 0.85990453 0.34665534 0.44464351 0.99481051 0.8945555  0.40853314
 0.46629868 0.85933382 0.44724282 0.23607783]
2021-05-25 21:46:31,605 - pyswarms.single.global_best - INFO - Optimize for 150 iters with {'c1': 0.5, 'c2': 0.5, 'w': 0.5}
2021-05-25 21:59:33,965 - pyswarms.single.global_best - INFO - Optimization finished | best cost: 100.49632902608963, best pos: [0.25474682 0.18245481 0.48275515 0.20779932 0.11264476 0.75803289
 0.16335153 0.3394088  0.44419238 0.56721822 0.22730052 0.74388747
 0.34731021 0.56920262 0.6098099  0.29612292 0.34477743 0.17213379
 0.73097539 0.10112677 0.14205089 0.85805231 0.86544662 0.5354464
 0.3431208  0.06288121 0.13955301 0.12293512 0.76243548 0.94194522
 0.80809421 0.32555648 0.23287953 0.37164935 0.12247962 0.75950046
 0.19118999 0.3639852  0.16692803 0.71576869 0.43031664 0.64115573
 0.23114433 0.61149887 0.48308922 0.53290994 0.38717653 0.4490654
 0.74796123 0.49422297 0.64457484 0.63409551 0.65146653 0.94517759
 0.23269622 0.63281788 0.53710132 0.44098636 0.08355325 0.42867054
 0.85797119 0.81759577 0.68857667 0.16875033 0.26545466 0.67739915
 0.36296144 0.40090822 0.81860727 0.12738732 0.76147773 0.66701337
 0.52846485 0.2765708  0.53257446 0.62129959 0.3330655  0.3962448
 0.70348266 0.33580309]
2021-05-26 09:08:00,638 - pyswarms.single.global_best - INFO - Optimize for 150 iters with {'c1': 0.5, 'c2': 0.5, 'w': 0.5}
2021-05-26 09:49:38,262 - pyswarms.single.global_best - INFO - Optimization finished | best cost: 126.45096137427765, best pos: [0.75279462 0.29993358 0.45471795 0.55458471 0.65500713 0.51226458
 0.7347081  0.48508252 0.84955335 0.25290011 0.6419936  0.49124183
 0.19643586 0.52246553 0.71582627 0.42509233 0.47327354 0.48441886
 0.62101511 0.66493155 0.76476812 0.74958847 0.84593111 0.30046924
 0.53398853 0.43387365 0.68965863 0.41472298 0.61208041 0.71716603
 0.62731878 0.59263835 0.64206847 0.44268339 0.4794414  0.13669066
 0.66188995 0.55776394 0.4056254  0.55145492 0.70093817 0.25018495
 0.33512806 0.20164435 0.40869724 0.62850676 0.41219354 0.40167852
 0.61674508 0.24097935 0.4577136  0.37949366 0.53734619 0.3988913
 0.25295212 0.21541589 0.23615268 0.2382631  0.34897267 0.27701578
 0.37831475 0.34255312 0.71294141 0.85056358 0.49244163 0.46407613
 0.60173756 0.60173066 0.66572773 0.47960643 0.41459644 0.35483548
 0.67733353 0.52437545 0.55072193 0.35967546 0.50846141 0.25541654
 0.43898208 0.76246325 0.40508752 0.82880385 0.66273718 0.48987577
 0.29565449 0.72234167 0.63701953 0.18732094 0.65294739 0.35506026
 0.57374909 0.61326717 0.23599909 0.41402236 0.37139327 0.47285166
 0.75446003 0.80111645 0.33899844 0.1990363 ]
2021-05-26 11:58:03,115 - pyswarms.single.global_best - INFO - Optimize for 150 iters with {'c1': 0.5, 'c2': 0.5, 'w': 0.5}
2021-05-26 12:12:05,148 - pyswarms.single.global_best - INFO - Optimization finished | best cost: 153.62494725715408, best pos: [0.27115761 0.45820556 0.65370209 0.17134698 0.53871435 0.62908158
 0.62543572 0.49209845 0.73251137 0.46003899 0.58058996 0.54376448
 0.56006415 0.52138318 0.50232743 0.54667873 0.72288883 0.35306408
 0.39756591 0.67709833 0.6246045  0.59916542 0.15086099 0.81697902
 0.65275533 0.53844357 0.50968927 0.63976658 0.47019584 0.32510621
 0.48166817 0.65253175 0.37185487 0.51735981 0.54597097 0.56416833
 0.43033896 0.36728741 0.62617799 0.67805007 0.72724657 0.39961903
 0.50668711 0.56378604 0.38624548 0.44508669 0.37463085 0.33671965
 0.24696814 0.47787218 0.45707254 0.47570889 0.23971435 0.55307885
 0.50746722 0.53310386 0.35020436 0.23171678 0.32469027 0.29083033
 0.64678448 0.44628151 0.58798395 0.52018962 0.76075156 0.73063725
 0.40809835 0.37277929 0.5780961  0.47403903 0.6641869  0.58970285
 0.71914662 0.43446385 0.67906693 0.80410797 0.33485702 0.56786104
 0.59939337 0.35415691 0.35359007 0.63469516 0.70965463 0.23170789
 0.64702962 0.51198705 0.57189766 0.67188214 0.6872251  0.47212224
 0.25779126 0.40354201 0.72014531 0.55720917 0.74282092 0.82233448
 0.6292477  0.7213577  0.37414155 0.55573854 0.4356115  0.36464198
 0.59276163 0.34371893 0.23667434 0.9056468  0.73292607 0.45195195
 0.5543222  0.57033634 0.37810655 0.47849115 0.58622817 0.53905435
 0.62482224 0.59271149 0.59167742 0.63261974 0.48317897 0.40454492
 0.56758106 0.53392289 0.7043398  0.50243473 0.28976396 0.25963548
 0.50829559 0.78312996 0.74657794 0.85710372]
2021-05-26 15:30:31,848 - pyswarms.single.global_best - INFO - Optimize for 150 iters with {'c1': 0.5, 'c2': 0.5, 'w': 0.5}
2021-05-26 15:42:31,729 - pyswarms.single.global_best - INFO - Optimization finished | best cost: 82.2323367098973, best pos: [0.86811756 0.73808502 0.41797246 0.95502328 0.75735002 0.93095268
 0.11917567 0.4841698  0.46757813 0.68910154 0.61589335 0.69575708
 0.90285653 0.69671374 0.68993769 0.71891562 0.45657681 0.48299307
 0.20911206 0.55456249 0.32673166 0.34652727 0.58065597 0.19958793
 0.4091495  0.74604264 0.95257681 0.77813192 0.08951569 0.74881507
 0.36891833 0.24901895 0.54383897 0.52754276 0.74393216 0.85613406
 0.85383562 0.70246912 0.7494682  0.79978866 0.55813569 0.21955513
 0.28169123 0.11771089 0.15363449 0.45210409 0.12164734 0.2647517
 0.3726014  0.82737152 0.66359753 0.10935192 0.7100952  0.8758871
 0.65587926 0.53616117 0.3550906  0.42037275 0.42278809 0.23865197
 0.3341341  0.34615303 0.1947875  0.91636544 0.77507432 0.07432644
 0.38090976 0.45387915 0.61698457 0.89736834]
2021-05-26 19:19:12,306 - pyswarms.single.global_best - INFO - Optimize for 150 iters with {'c1': 0.5, 'c2': 0.5, 'w': 0.5}
2021-05-26 19:32:42,810 - pyswarms.single.global_best - INFO - Optimization finished | best cost: 82.22790430730807, best pos: [0.49157827 0.53631541 0.69925594 0.95961839 0.36826145 0.13011595
 0.93345621 0.63345716 0.60078438 0.43147444 0.51239906 0.15316619
 0.44261969 0.93646866 0.60024722 0.19221829 0.89511184 0.66603404
 0.58084684 0.32301731 0.70553785 0.79680524 0.99500136 0.37588632
 0.28217401 0.63819133 0.2087895  0.5925826  0.7335371  0.81092109
 0.67770171 0.56179692 0.72848709 0.36151018 0.59164819 0.54625233
 0.27356935 0.19852015 0.87096345 0.67745466 0.24832915 0.35832794
 0.47206291 0.60540376 0.25949118 0.88527725 0.13833583 0.65735397
 0.50515197 0.36722162 0.69287931 0.09440106 0.49784139 0.6843341
 0.74840595 0.80816376 0.34056673 0.6360851  0.55712187 0.03670485
 0.75987692 0.08088584 0.29378066 0.1292783  0.71216704 0.70327492
 0.7208321  0.58974523 0.23419193 0.66530713]
2021-05-26 23:24:18,322 - pyswarms.single.global_best - INFO - Optimize for 150 iters with {'c1': 0.5, 'c2': 0.5, 'w': 0.5}
2021-05-26 23:38:48,251 - pyswarms.single.global_best - INFO - Optimization finished | best cost: 114.44752888632863, best pos: [0.75941642 0.65501911 0.51997208 0.70783727 0.49836899 0.69006956
 0.68378592 0.58310883 0.58612466 0.52721165 0.89423565 0.15658058
 0.32848716 0.63589047 0.49687899 0.47954184 0.71391343 0.56991967
 0.61000529 0.49263883 0.53935944 0.57457375 0.56729566 0.63611062
 0.73447698 0.56713958 0.44576709 0.49439481 0.6086265  0.51721369
 0.41958589 0.51365717 0.35467328 0.50077771 0.64708211 0.51979066
 0.29426001 0.52848968 0.22326444 0.71479167 0.6014508  0.50025631
 0.78566917 0.50344249 0.61936539 0.49532042 0.61678383 0.51866177
 0.30065625 0.5118321  0.45433748 0.73101563 0.43443244 0.32362215
 0.44156416 0.49710633 0.64817904 0.54784735 0.5270679  0.58337353
 0.45779916 0.61932182 0.65985212 0.30935162 0.67448043 0.60387701
 0.41391913 0.45992289 0.46137279 0.4627515  0.53361988 0.66621115
 0.24953744 0.53387885 0.58923562 0.54093434 0.64883565 0.59486565
 0.59961311 0.41592229 0.29366698 0.48467001 0.76422183 0.8128477
 0.37182598 0.36888888 0.35963265 0.70839816 0.84015282 0.76606917]
2021-05-27 01:20:17,782 - pyswarms.single.global_best - INFO - Optimize for 150 iters with {'c1': 0.5, 'c2': 0.5, 'w': 0.5}
2021-05-27 01:34:26,190 - pyswarms.single.global_best - INFO - Optimization finished | best cost: 147.05183823145663, best pos: [0.58869135 0.26207997 0.89304974 0.5400609  0.65533777 0.21213423
 0.4954905  0.09447392 0.33599593 0.59450937 0.54661183 0.74683367
 0.45518613 0.82186102 0.43658458 0.80155072 0.88585009 0.71489312
 0.20053299 0.32957436 0.35239478 0.69728448 0.35435113 0.60770245
 0.47112028 0.41217581 0.64832873 0.65364969 0.22374935 0.58238644
 0.38570664 0.47319939 0.75315365 0.76310639 0.21393896 0.66491238
 0.83880571 0.85968347 0.54119483 0.36717759 0.75683729 0.34849883
 0.23981412 0.51802139 0.73003593 0.63600739 0.86493623 0.52736894
 0.5498469  0.31760011 0.75504582 0.76733475 0.26963231 0.19595117
 0.13420422 0.76688222 0.17900749 0.40163731 0.71599747 0.60354465
 0.42950007 0.3269963  0.82870441 0.83399916 0.79328817 0.17468665
 0.43395748 0.53507472 0.88584805 0.39910273 0.65242766 0.3745482
 0.32075771 0.71966077 0.80591738 0.4285353  0.49065146 0.3063733
 0.21834365 0.49928475 0.38507763 0.06201351 0.40454003 0.21267876
 0.58007254 0.62111424 0.56010419 0.31132148 0.74092786 0.30179682
 0.3496039  0.79011926 0.39370498 0.42087982 0.12340106 0.40897859
 0.34121751 0.7443966  0.27361011 0.59599002 0.41944064 0.53111813
 0.94721891 0.8131094  0.45039744 0.18119611 0.72284403 0.67361743
 0.4767056  0.57120847 0.62215508 0.24554816 0.45346527 0.22384883
 0.72093328 0.77911151 0.21570289 0.58214925 0.70097433 0.48975189]
2021-05-27 05:16:46,347 - pyswarms.single.global_best - INFO - Optimize for 150 iters with {'c1': 0.5, 'c2': 0.5, 'w': 0.5}
2021-05-27 05:32:54,668 - pyswarms.single.global_best - INFO - Optimization finished | best cost: 126.53662734666995, best pos: [0.28627067 0.74395322 0.58836456 0.93002803 0.46915727 0.85910273
 0.84119062 0.6085786  0.71548936 0.4127553  0.45234893 0.33035036
 0.71825327 0.33130622 0.633319   0.47390149 0.34376409 0.73508737
 0.9288601  0.61976688 0.42222945 0.81176012 0.41565268 0.68578206
 0.64474512 0.72649832 0.74200916 0.54895098 0.56551404 0.66507607
 0.56768801 0.22103933 0.63774969 0.90194019 0.88415566 0.56333532
 0.73237339 0.69078041 0.70627796 0.6232111  0.48904276 0.45330963
 0.69772555 0.62557027 0.43848911 0.20704699 0.69730094 0.61061938
 0.50110474 0.49417301 0.70314302 0.3354763  0.41195285 0.72365075
 0.82484714 0.33690236 0.78522861 0.90820415 0.59908947 0.54900665
 0.58664289 0.66697226 0.38816411 0.24534675 0.75809245 0.43949859
 0.44749061 0.54240051 0.86273069 0.524479   0.53435293 0.12437479
 0.59741006 0.54472105 0.61781767 0.16005654 0.87997265 0.46063085
 0.61272206 0.57816264 0.81403747 0.39515294 0.54326351 0.40854698
 0.32990619 0.61636657 0.80381003 0.4405758  0.26467235 0.6828943
 0.65509726 0.47366088 0.47292821 0.47834331 0.38941825 0.69156983
 0.72971024 0.54426031 0.66638589 0.50026133]
2021-06-01 04:48:25,701 - pyswarms.single.global_best - INFO - Optimize for 150 iters with {'c1': 0.5, 'c2': 0.5, 'w': 0.5}
2021-06-01 04:49:04,066 - pyswarms.single.global_best - INFO - Optimization finished | best cost: 90.91519535258432, best pos: [0.55039344 0.15801696 0.32786691 0.50347877 0.81696934 0.51846076
 0.67560488 0.41615335 0.85323727 0.63016137 0.79571448 0.50641271
 0.76439101 0.49671713 0.42867272 0.40897606 0.61941898 0.7072749
 0.51277881 0.41938486 0.51712473 0.55874734 0.68727282 0.58842438
 0.60990417 0.51488144 0.30197921 0.25139459 0.79445585 0.68336422
 0.53393262 0.67456339 0.44151655 0.36468291 0.72955662 0.50515827
 0.64655195 0.63543982 0.37188451 0.50528578 0.84880672 0.50119333
 0.48204048 0.21916921 0.78921132 0.81730883 0.59837483 0.70193577
 0.61550512 0.76493943 0.64177422 0.23581023 0.32120897 0.84359978
 0.48694331 0.63335773]
2021-06-01 04:50:02,435 - pyswarms.single.global_best - INFO - Optimize for 150 iters with {'c1': 0.5, 'c2': 0.5, 'w': 0.5}
2021-06-01 04:50:38,685 - pyswarms.single.global_best - INFO - Optimization finished | best cost: 90.91416122163128, best pos: [0.58235126 0.29613249 0.5384665  0.26936888 0.86282467 0.61568427
 0.45268248 0.32571326 0.52563456 0.65771233 0.5728841  0.70116249
 0.36224405 0.475433   0.6195242  0.76219042 0.90444149 0.87571354
 0.53284867 0.29021594 0.61602906 0.51688941 0.76205602 0.70192843
 0.5874867  0.31745611 0.40713773 0.35862326 0.50945602 0.72367584
 0.49984295 0.44019165 0.55387197 0.50735955 0.55017799 0.52347143
 0.87945488 0.66514311 0.63223442 0.64463089 0.57810418 0.31276915
 0.22088774 0.55553626 0.5590238  0.62540777 0.66605882 0.76194225
 0.32824496 0.31161134 0.71314487 0.5244564  0.91368313 0.8856495
 0.22156136 0.62558815]
2021-06-01 04:51:28,269 - pyswarms.single.global_best - INFO - Optimize for 150 iters with {'c1': 0.5, 'c2': 0.5, 'w': 0.5}
2021-06-01 04:58:02,858 - pyswarms.single.global_best - INFO - Optimize for 150 iters with {'c1': 0.5, 'c2': 0.5, 'w': 0.5}
2021-06-01 04:58:31,239 - pyswarms.single.global_best - INFO - Optimization finished | best cost: 90.9170671644519, best pos: [0.87127771 0.77523416 0.66191364 0.6511505  0.82714076 0.65394307
 0.68228665 0.87095566 0.82449527 0.60063938 0.56369109 0.53873127
 0.62290803 0.6582897  0.48631104 0.75066559 0.53010767 0.69111126
 0.84555746 0.20436244 0.57700301 0.58031383 0.74908364 0.48367702
 0.45376269 0.85521671 0.43677709 0.48571583 0.52746852 0.57807231
 0.67468259 0.75082791 0.61817019 0.79690441 0.38928033 0.79475003
 0.44804092 0.55100173 0.54553777 0.8906885  0.81217601 0.37810305
 0.14241477 0.57416153 0.75244357 0.64845502 0.35831681 0.48337082
 0.84328466 0.19285741 0.56054322 0.49859651 0.29441712 0.34620001
 0.77527836 0.61849001]
2021-06-01 05:15:52,232 - pyswarms.single.global_best - INFO - Optimize for 150 iters with {'c1': 0.5, 'c2': 0.5, 'w': 0.5}
2021-06-01 05:16:21,381 - pyswarms.single.global_best - INFO - Optimization finished | best cost: 96.00884428344389, best pos: [0.34401696 0.35562918 0.67207006 0.05355623 0.21166581 0.45106409
 0.7960955  0.30847656 0.3461842  0.61404465 0.24727494 0.16943176
 0.38159342 0.40959019 0.30126779 0.7657229  0.54445338 0.67075545
 0.19132753 0.30574571 0.52785755 0.38245871 0.9042647  0.15212644
 0.47955036 0.6025376  0.72246383 0.36220971 0.03322878 0.33868482
 0.02758334 0.19452172 0.19319717 0.09398869 0.46450091 0.58600053
 0.62971525 0.23652497 0.4669344  0.2170897  0.74892571 0.12541497
 0.85816761 0.25322395 0.53599822 0.96510071 0.41364192 0.45049605
 0.00587101]
2021-06-01 05:24:32,757 - pyswarms.single.global_best - INFO - Optimize for 150 iters with {'c1': 0.5, 'c2': 0.5, 'w': 0.5}
2021-06-01 05:25:04,048 - pyswarms.single.global_best - INFO - Optimization finished | best cost: 96.00644782826247, best pos: [0.32804385 0.73311791 0.55604394 0.61618205 0.65663976 0.55124121
 0.84247596 0.76118731 0.30890819 0.36801535 0.70080775 0.69874003
 0.68208758 0.45869263 0.41041619 0.60588635 0.46887356 0.38211124
 0.82008081 0.28587368 0.53838645 0.6929526  0.69656767 0.46200132
 0.59381838 0.46597177 0.10446806 0.45007855 0.75183676 0.38318105
 0.64200912 0.84914793 0.59058331 0.44668431 0.55495218 0.76162717
 0.21936141 0.59236376 0.69387846 0.47498782 0.44222839 0.7139053
 0.60350039 0.43939918 0.60306243 0.40571444 0.74515995 0.52801755
 0.64767076]
2021-06-01 05:31:42,434 - pyswarms.single.global_best - INFO - Optimize for 150 iters with {'c1': 0.5, 'c2': 0.5, 'w': 0.5}
2021-06-01 05:32:11,922 - pyswarms.single.global_best - INFO - Optimization finished | best cost: 96.00688657297972, best pos: [0.92958288 0.69026843 0.51297709 0.60232616 0.71339608 0.42201637
 0.6084117  0.32231292 0.69778216 0.49798855 0.45137811 0.57056301
 0.42208743 0.44016178 0.61022594 0.32983879 0.37212279 0.52890676
 0.56719497 0.63226753 0.27825663 0.39870718 0.89483359 0.67885962
 0.7156216  0.38910862 0.30967608 0.44561156 0.51319691 0.56583649
 0.53893679 0.17595779 0.21316056 0.40367317 0.5203461  0.53010266
 0.66144106 0.10974183 0.16253809 0.67342529 0.32823321 0.39906668
 0.54963151 0.60385012 0.51921062 0.25385879 0.65837109 0.25401892
 0.37507793]
2021-06-01 13:03:37,999 - pyswarms.single.global_best - INFO - Optimize for 150 iters with {'c1': 0.5, 'c2': 0.5, 'w': 0.5}
2021-06-01 13:04:05,645 - pyswarms.single.global_best - INFO - Optimization finished | best cost: 96.00610800466478, best pos: [0.64475643 0.47254443 0.65529865 0.3956124  0.14453824 0.65609681
 0.49945457 0.66042911 0.73571471 0.36645797 0.36219479 0.62962145
 0.7102842  0.61559911 0.51174313 0.13239971 0.21729725 0.61125403
 0.58477919 0.16453691 0.20804585 0.65890417 0.51432227 0.48641691
 0.20693171 0.80477864 0.6981194  0.89668059 0.4210109  0.18972407
 0.21389104 0.68096297 0.41761672 0.77440202 0.30939743 0.70329389
 0.74071089 0.54113996 0.77763817 0.44330274 0.31717724 0.80046559
 0.57179008 0.43258932 0.54862481 0.68652106 0.60016712 0.85524173
 0.67622411]
2021-06-02 03:21:38,736 - pyswarms.single.global_best - INFO - Optimize for 150 iters with {'c1': 0.4, 'c2': 0.5, 'w': 0.6}
2021-06-02 03:22:11,363 - pyswarms.single.global_best - INFO - Optimization finished | best cost: 96.00851696475058, best pos: [0.46459812 0.97276769 0.79936232 0.69272617 0.63645136 0.46384241
 0.72901621 0.13232101 0.38347453 0.50218804 0.43429165 0.89014993
 0.52630198 0.47710282 0.67668321 0.721543   0.52328773 0.14552878
 0.11879216 0.70168517 0.50968201 0.25646987 0.30466439 0.69042549
 0.30044194 0.27208872 0.50652368 0.71630634 0.44995547 0.60087356
 0.67481309 0.24996915 0.72049574 0.55102533 0.4712371  0.41935704
 0.76319265 0.39845867 0.64458127 0.57959006 0.59847248 0.26629369
 0.55503943 0.93498174 0.3594767  0.56330906 0.71716504 0.36233628
 0.71139654]
2021-06-02 12:39:36,582 - pyswarms.single.global_best - INFO - Optimize for 150 iters with {'c1': 0.4, 'c2': 0.5, 'w': 0.6}
2021-06-02 12:41:25,418 - pyswarms.single.global_best - INFO - Optimization finished | best cost: 96.00644323568005, best pos: [0.38676179 0.56163548 0.64232548 0.73422809 0.25544176 0.37657721
 0.6355536  0.74861119 0.77258209 0.74478284 0.67886088 0.25431761
 0.4738684  0.72684748 0.86915662 0.30846289 0.47191622 0.43843518
 0.63364439 0.24060158 0.45921198 0.65562168 0.72759566 0.71805554
 0.29162044 0.56838849 0.49376791 0.24420964 0.68130044 0.28385436
 0.70104171 0.54494886 0.42036189 0.69077565 0.36653221 0.53740198
 0.4189034  0.60181803 0.36677703 0.39553175 0.59539232 0.35707475
 0.28681461 0.35948164 0.310166   0.68878403 0.85795057 0.2989121
 0.0797091 ]
2021-06-02 12:41:43,160 - pyswarms.single.global_best - INFO - Optimize for 150 iters with {'c1': 0.4, 'c2': 0.5, 'w': 0.6}
2021-06-02 12:42:14,116 - pyswarms.single.global_best - INFO - Optimization finished | best cost: 96.00610380576502, best pos: [0.6641549  0.64088667 0.50897993 0.77889507 0.4287804  0.59199211
 0.54809828 0.75071035 0.16665661 0.63446322 0.4037489  0.55232944
 0.75991442 0.46999179 0.38057871 0.61611955 0.92909695 0.54408199
 0.57189124 0.15183335 0.23839729 0.69175844 0.69100991 0.46504293
 0.58252258 0.73973114 0.23747065 0.47854514 0.50484159 0.40588791
 0.56032662 0.6247459  0.62177797 0.13483565 0.98111445 0.39529531
 0.41043855 0.65237733 0.49798531 0.39354366 0.58136568 0.44492187
 0.61638626 0.63520895 0.73077813 0.54478301 0.43493829 0.6433133
 0.13609704]
2021-06-02 12:42:30,895 - pyswarms.single.global_best - INFO - Optimize for 150 iters with {'c1': 0.4, 'c2': 0.5, 'w': 0.6}
2021-06-02 12:43:03,568 - pyswarms.single.global_best - INFO - Optimization finished | best cost: 96.01055928472252, best pos: [0.33809105 0.60462008 0.09661434 0.80030255 0.61035403 0.19671984
 0.96829182 0.557151   0.47812702 0.65253601 0.25764321 0.15721405
 0.8052175  0.15247539 0.20360927 0.09128662 0.56338177 0.42938888
 0.68351241 0.92968779 0.52866865 0.1126102  0.27671472 0.88680444
 0.65210633 0.61906107 0.47759958 0.40869452 0.55370734 0.80580478
 0.28430851 0.38465044 0.45885364 0.6301575  0.51424465 0.49668722
 0.8672592  0.07789984 0.87619521 0.46697839 0.97122541 0.41353643
 0.2335515  0.31417049 0.88691449 0.26788805 0.2880323  0.16339997
 0.27787818]
2021-06-02 12:43:22,032 - pyswarms.single.global_best - INFO - Optimize for 150 iters with {'c1': 0.4, 'c2': 0.5, 'w': 0.6}
2021-06-02 12:43:51,661 - pyswarms.single.global_best - INFO - Optimization finished | best cost: 96.00610380576502, best pos: [0.63460674 0.57314587 0.573737   0.72527807 0.48871139 0.72622751
 0.73613808 0.49081295 0.80847873 0.79807175 0.69182317 0.41380201
 0.45979233 0.39310167 0.28855046 0.98389164 0.71359675 0.26354949
 0.53881388 0.56939925 0.44804387 0.491489   0.70282062 0.41025428
 0.55813341 0.39304032 0.55263006 0.61874898 0.82155653 0.76240982
 0.78321376 0.58029281 0.31667417 0.42047718 0.42089515 0.59025871
 0.53897363 0.95020486 0.53851727 0.85258034 0.31159022 0.57567176
 0.44797287 0.03078807 0.24128844 0.75613018 0.37150503 0.15085682
 0.65739702]
2021-06-02 13:19:04,372 - pyswarms.single.global_best - INFO - Optimize for 150 iters with {'c1': 0.4, 'c2': 0.5, 'w': 0.6}
2021-06-02 13:19:36,963 - pyswarms.single.global_best - INFO - Optimization finished | best cost: 96.0061060784657, best pos: [0.5974417  0.98474486 0.69490815 0.28405519 0.35611079 0.01201017
 0.03995033 0.32778274 0.10038008 0.45392983 0.64707563 0.58477723
 0.08500397 0.1136614  0.85194696 0.79086805 0.89719025 0.40800189
 0.77244334 0.47828655 0.93388184 0.50168303 0.84189041 0.89921293
 0.94956305 0.61321946 0.2289391  0.54490209 0.54541739 0.88505533
 0.91154959 0.79115407 0.31503763 0.52622052 0.57326879 0.70065593
 0.71333734 0.76548354 0.49688171 0.70825597 0.93227174 0.8746243
 0.83465496 0.09875467 0.40527368 0.69042421 0.95506348 0.60381596
 0.50753539]
2021-06-02 15:42:22,979 - pyswarms.single.global_best - INFO - Optimize for 150 iters with {'c1': 0.4, 'c2': 0.5, 'w': 0.6}
2021-06-02 15:43:13,204 - pyswarms.single.global_best - INFO - Optimization finished | best cost: 96.00688659027041, best pos: [0.71988648 0.36666648 0.41216348 0.68558575 0.87544423 0.52440477
 0.62930756 0.73116706 0.42436421 0.47625087 0.38181921 0.216519
 0.48117174 0.74749433 0.82882413 0.40598588 0.39876834 0.66864139
 0.29516486 0.8104087  0.48816176 0.7422875  0.6538585  0.14360133
 0.24338178 0.42342462 0.91180646 0.54778911 0.3831311  0.40896589
 0.37949862 0.35516524 0.48400535 0.86879586 0.41364433 0.67870298
 0.07161717 0.65672742 0.36007996 0.58167785 0.31785887 0.65691529
 0.59515281 0.2491886  0.23788648 0.38585639 0.8290756  0.73036349
 0.28112829]
2021-07-03 15:44:26,214 - pyswarms.single.global_best - INFO - Optimize for 50 iters with {'c1': 0.4, 'c2': 0.5, 'w': 0.6}
2021-07-03 15:44:37,325 - pyswarms.single.global_best - INFO - Optimization finished | best cost: 109.04264537319658, best pos: [0.70403619 0.52660195 0.56731516 0.55882118 0.74318849 0.14063669
 0.62782743 0.73622808 0.41265737 0.75798372 0.33840694 0.29468817
 0.48097832 0.86735297 0.66491689 0.860855   0.99952677 0.50861243
 0.5541443  0.70477524 0.46422209 0.29868316 0.61296757 0.47327059
 0.303272   0.68969733 0.47072389 0.46685501 0.57078541 0.70519141
 0.69854102 0.56703027 0.90516641 0.53181529 0.74022718]
